<?xml version="1.0" encoding="UTF-8"?>
<coverage generated="1710218970132" clover="3.2.0">
  <project timestamp="1710218970132" name="All files">
    <metrics statements="451" coveredstatements="444" conditionals="91" coveredconditionals="86" methods="148" coveredmethods="144" elements="690" coveredelements="674" complexity="0" loc="451" ncloc="451" packages="11" files="39" classes="39"/>
    <package name="contact">
      <metrics statements="9" coveredstatements="8" conditionals="2" coveredconditionals="1" methods="4" coveredmethods="3"/>
      <file name="App.js" path="/Users/marijoyapa/Documents/GitHub/react-contact-list/contact/App.js">
        <metrics statements="9" coveredstatements="8" conditionals="2" coveredconditionals="1" methods="4" coveredmethods="3"/>
        <line num="14" count="2" type="stmt"/>
        <line num="15" count="2" type="stmt"/>
        <line num="16" count="2" type="cond" truecount="1" falsecount="1"/>
        <line num="18" count="2" type="stmt"/>
        <line num="19" count="2" type="stmt"/>
        <line num="20" count="0" type="stmt"/>
        <line num="22" count="2" type="stmt"/>
        <line num="23" count="2" type="stmt"/>
        <line num="27" count="2" type="stmt"/>
      </file>
    </package>
    <package name="contact.src">
      <metrics statements="2" coveredstatements="2" conditionals="0" coveredconditionals="0" methods="1" coveredmethods="1"/>
      <file name="initializeFirebaseApp.js" path="/Users/marijoyapa/Documents/GitHub/react-contact-list/contact/src/initializeFirebaseApp.js">
        <metrics statements="2" coveredstatements="2" conditionals="0" coveredconditionals="0" methods="1" coveredmethods="1"/>
        <line num="3" count="7" type="stmt"/>
        <line num="4" count="18" type="stmt"/>
      </file>
    </package>
    <package name="contact.src.actions">
      <metrics statements="102" coveredstatements="101" conditionals="12" coveredconditionals="11" methods="37" coveredmethods="37"/>
      <file name="ContactFormAction.js" path="/Users/marijoyapa/Documents/GitHub/react-contact-list/contact/src/actions/ContactFormAction.js">
        <metrics statements="66" coveredstatements="66" conditionals="8" coveredconditionals="8" methods="30" coveredmethods="30"/>
        <line num="6" count="9" type="stmt"/>
        <line num="7" count="14" type="stmt"/>
        <line num="8" count="14" type="stmt"/>
        <line num="12" count="14" type="stmt"/>
        <line num="17" count="9" type="stmt"/>
        <line num="18" count="3" type="stmt"/>
        <line num="19" count="3" type="stmt"/>
        <line num="21" count="3" type="stmt"/>
        <line num="22" count="3" type="stmt"/>
        <line num="25" count="3" type="stmt"/>
        <line num="30" count="2" type="stmt"/>
        <line num="31" count="2" type="stmt"/>
        <line num="34" count="1" type="stmt"/>
        <line num="37" count="1" type="stmt"/>
        <line num="38" count="1" type="stmt"/>
        <line num="44" count="9" type="stmt"/>
        <line num="45" count="4" type="stmt"/>
        <line num="46" count="4" type="stmt"/>
        <line num="47" count="4" type="stmt"/>
        <line num="48" count="4" type="stmt"/>
        <line num="51" count="4" type="stmt"/>
        <line num="54" count="2" type="stmt"/>
        <line num="55" count="2" type="stmt"/>
        <line num="58" count="2" type="stmt"/>
        <line num="61" count="2" type="stmt"/>
        <line num="62" count="2" type="stmt"/>
        <line num="69" count="9" type="stmt"/>
        <line num="70" count="3" type="stmt"/>
        <line num="71" count="3" type="stmt"/>
        <line num="74" count="3" type="stmt"/>
        <line num="76" count="1" type="stmt"/>
        <line num="77" count="1" type="stmt"/>
        <line num="82" count="9" type="stmt"/>
        <line num="83" count="3" type="stmt"/>
        <line num="84" count="3" type="stmt"/>
        <line num="85" count="3" type="stmt"/>
        <line num="86" count="3" type="stmt"/>
        <line num="88" count="2" type="stmt"/>
        <line num="89" count="2" type="stmt"/>
        <line num="94" count="9" type="stmt"/>
        <line num="95" count="1" type="stmt"/>
        <line num="101" count="9" type="stmt"/>
        <line num="102" count="14" type="stmt"/>
        <line num="104" count="14" type="stmt"/>
        <line num="107" count="14" type="cond" truecount="2" falsecount="0"/>
        <line num="108" count="14" type="cond" truecount="2" falsecount="0"/>
        <line num="111" count="14" type="cond" truecount="2" falsecount="0"/>
        <line num="114" count="14" type="stmt"/>
        <line num="119" count="9" type="stmt"/>
        <line num="120" count="12" type="stmt"/>
        <line num="121" count="12" type="stmt"/>
        <line num="129" count="9" type="stmt"/>
        <line num="130" count="1" type="stmt"/>
        <line num="136" count="9" type="stmt"/>
        <line num="137" count="1" type="stmt"/>
        <line num="138" count="1" type="stmt"/>
        <line num="145" count="9" type="stmt"/>
        <line num="146" count="7" type="stmt"/>
        <line num="147" count="7" type="cond" truecount="2" falsecount="0"/>
        <line num="148" count="7" type="stmt"/>
        <line num="151" count="7" type="stmt"/>
        <line num="155" count="9" type="stmt"/>
        <line num="156" count="5" type="stmt"/>
        <line num="157" count="5" type="stmt"/>
        <line num="159" count="5" type="stmt"/>
        <line num="160" count="1" type="stmt"/>
      </file>
      <file name="ContactListAction.js" path="/Users/marijoyapa/Documents/GitHub/react-contact-list/contact/src/actions/ContactListAction.js">
        <metrics statements="20" coveredstatements="19" conditionals="4" coveredconditionals="3" methods="5" coveredmethods="5"/>
        <line num="5" count="9" type="stmt"/>
        <line num="6" count="30" type="stmt"/>
        <line num="7" count="30" type="stmt"/>
        <line num="9" count="30" type="stmt"/>
        <line num="12" count="30" type="cond" truecount="1" falsecount="1"/>
        <line num="13" count="0" type="stmt"/>
        <line num="18" count="30" type="stmt"/>
        <line num="22" count="30" type="stmt"/>
        <line num="23" count="3" type="stmt"/>
        <line num="24" count="3" type="stmt"/>
        <line num="25" count="3" type="stmt"/>
        <line num="26" count="2" type="cond" truecount="2" falsecount="0"/>
        <line num="27" count="1" type="stmt"/>
        <line num="29" count="2" type="stmt"/>
        <line num="34" count="1" type="stmt"/>
        <line num="35" count="1" type="stmt"/>
        <line num="44" count="9" type="stmt"/>
        <line num="45" count="1" type="stmt"/>
        <line num="46" count="2" type="stmt"/>
        <line num="47" count="1" type="stmt"/>
      </file>
      <file name="SearchBarAction.js" path="/Users/marijoyapa/Documents/GitHub/react-contact-list/contact/src/actions/SearchBarAction.js">
        <metrics statements="4" coveredstatements="4" conditionals="0" coveredconditionals="0" methods="2" coveredmethods="2"/>
        <line num="3" count="9" type="stmt"/>
        <line num="4" count="1" type="stmt"/>
        <line num="10" count="9" type="stmt"/>
        <line num="11" count="1" type="stmt"/>
      </file>
      <file name="index.js" path="/Users/marijoyapa/Documents/GitHub/react-contact-list/contact/src/actions/index.js">
        <metrics statements="0" coveredstatements="0" conditionals="0" coveredconditionals="0" methods="0" coveredmethods="0"/>
      </file>
      <file name="types.js" path="/Users/marijoyapa/Documents/GitHub/react-contact-list/contact/src/actions/types.js">
        <metrics statements="12" coveredstatements="12" conditionals="0" coveredconditionals="0" methods="0" coveredmethods="0"/>
        <line num="2" count="9" type="stmt"/>
        <line num="3" count="9" type="stmt"/>
        <line num="4" count="9" type="stmt"/>
        <line num="5" count="9" type="stmt"/>
        <line num="6" count="9" type="stmt"/>
        <line num="7" count="9" type="stmt"/>
        <line num="8" count="9" type="stmt"/>
        <line num="11" count="9" type="stmt"/>
        <line num="12" count="9" type="stmt"/>
        <line num="13" count="9" type="stmt"/>
        <line num="16" count="9" type="stmt"/>
        <line num="17" count="9" type="stmt"/>
      </file>
    </package>
    <package name="contact.src.components.common">
      <metrics statements="35" coveredstatements="33" conditionals="4" coveredconditionals="4" methods="14" coveredmethods="13"/>
      <file name="RadioButton.js" path="/Users/marijoyapa/Documents/GitHub/react-contact-list/contact/src/components/common/RadioButton.js">
        <metrics statements="8" coveredstatements="8" conditionals="0" coveredconditionals="0" methods="3" coveredmethods="3"/>
        <line num="6" count="7" type="stmt"/>
        <line num="7" count="4" type="stmt"/>
        <line num="9" count="4" type="stmt"/>
        <line num="10" count="3" type="stmt"/>
        <line num="11" count="3" type="stmt"/>
        <line num="14" count="4" type="stmt"/>
        <line num="17" count="18" type="stmt"/>
        <line num="28" count="7" type="stmt"/>
      </file>
      <file name="RadioElement.js" path="/Users/marijoyapa/Documents/GitHub/react-contact-list/contact/src/components/common/RadioElement.js">
        <metrics statements="8" coveredstatements="8" conditionals="2" coveredconditionals="2" methods="4" coveredmethods="4"/>
        <line num="7" count="7" type="stmt"/>
        <line num="10" count="18" type="stmt"/>
        <line num="11" count="3" type="stmt"/>
        <line num="15" count="18" type="stmt"/>
        <line num="16" count="18" type="stmt"/>
        <line num="25" count="18" type="stmt"/>
        <line num="28" count="3" type="stmt"/>
        <line num="36" count="7" type="stmt"/>
      </file>
      <file name="SnackbarError.js" path="/Users/marijoyapa/Documents/GitHub/react-contact-list/contact/src/components/common/SnackbarError.js">
        <metrics statements="13" coveredstatements="11" conditionals="2" coveredconditionals="2" methods="5" coveredmethods="4"/>
        <line num="9" count="7" type="stmt"/>
        <line num="10" count="44" type="stmt"/>
        <line num="11" count="44" type="stmt"/>
        <line num="14" count="44" type="stmt"/>
        <line num="15" count="43" type="cond" truecount="2" falsecount="0"/>
        <line num="16" count="1" type="stmt"/>
        <line num="21" count="44" type="stmt"/>
        <line num="22" count="0" type="stmt"/>
        <line num="23" count="0" type="stmt"/>
        <line num="26" count="44" type="stmt"/>
        <line num="35" count="1" type="stmt"/>
        <line num="43" count="7" type="stmt"/>
        <line num="44" count="62" type="stmt"/>
      </file>
      <file name="Spacer.js" path="/Users/marijoyapa/Documents/GitHub/react-contact-list/contact/src/components/common/Spacer.js">
        <metrics statements="2" coveredstatements="2" conditionals="0" coveredconditionals="0" methods="1" coveredmethods="1"/>
        <line num="5" count="7" type="stmt"/>
        <line num="6" count="51" type="stmt"/>
      </file>
      <file name="Textbox.js" path="/Users/marijoyapa/Documents/GitHub/react-contact-list/contact/src/components/common/Textbox.js">
        <metrics statements="4" coveredstatements="4" conditionals="0" coveredconditionals="0" methods="1" coveredmethods="1"/>
        <line num="5" count="7" type="stmt"/>
        <line num="6" count="108" type="stmt"/>
        <line num="7" count="108" type="stmt"/>
        <line num="20" count="7" type="stmt"/>
      </file>
    </package>
    <package name="contact.src.components.contactDetailsPage">
      <metrics statements="27" coveredstatements="26" conditionals="4" coveredconditionals="4" methods="8" coveredmethods="7"/>
      <file name="ContactIcons.js" path="/Users/marijoyapa/Documents/GitHub/react-contact-list/contact/src/components/contactDetailsPage/ContactIcons.js">
        <metrics statements="19" coveredstatements="18" conditionals="2" coveredconditionals="2" methods="6" coveredmethods="5"/>
        <line num="9" count="3" type="stmt"/>
        <line num="10" count="11" type="stmt"/>
        <line num="11" count="11" type="stmt"/>
        <line num="13" count="16" type="stmt"/>
        <line num="15" count="11" type="stmt"/>
        <line num="17" count="4" type="cond" truecount="2" falsecount="0"/>
        <line num="18" count="2" type="stmt"/>
        <line num="21" count="2" type="stmt"/>
        <line num="25" count="11" type="stmt"/>
        <line num="26" count="1" type="stmt"/>
        <line num="27" count="1" type="stmt"/>
        <line num="29" count="11" type="stmt"/>
        <line num="30" count="3" type="stmt"/>
        <line num="31" count="3" type="stmt"/>
        <line num="32" count="3" type="stmt"/>
        <line num="37" count="1" type="stmt"/>
        <line num="43" count="11" type="stmt"/>
        <line num="81" count="0" type="stmt"/>
        <line num="89" count="3" type="stmt"/>
      </file>
      <file name="NotesDetails.js" path="/Users/marijoyapa/Documents/GitHub/react-contact-list/contact/src/components/contactDetailsPage/NotesDetails.js">
        <metrics statements="4" coveredstatements="4" conditionals="0" coveredconditionals="0" methods="1" coveredmethods="1"/>
        <line num="4" count="3" type="stmt"/>
        <line num="6" count="7" type="stmt"/>
        <line num="8" count="7" type="stmt"/>
        <line num="16" count="3" type="stmt"/>
      </file>
      <file name="PhoneNumbers.js" path="/Users/marijoyapa/Documents/GitHub/react-contact-list/contact/src/components/contactDetailsPage/PhoneNumbers.js">
        <metrics statements="4" coveredstatements="4" conditionals="2" coveredconditionals="2" methods="1" coveredmethods="1"/>
        <line num="5" count="3" type="stmt"/>
        <line num="6" count="9" type="stmt"/>
        <line num="7" count="9" type="stmt"/>
        <line num="15" count="3" type="stmt"/>
      </file>
    </package>
    <package name="contact.src.components.contactListPage">
      <metrics statements="41" coveredstatements="41" conditionals="4" coveredconditionals="4" methods="15" coveredmethods="15"/>
      <file name="AddButton.js" path="/Users/marijoyapa/Documents/GitHub/react-contact-list/contact/src/components/contactListPage/AddButton.js">
        <metrics statements="4" coveredstatements="4" conditionals="0" coveredconditionals="0" methods="1" coveredmethods="1"/>
        <line num="6" count="7" type="stmt"/>
        <line num="7" count="33" type="stmt"/>
        <line num="8" count="33" type="stmt"/>
        <line num="18" count="7" type="stmt"/>
      </file>
      <file name="ContactItem.js" path="/Users/marijoyapa/Documents/GitHub/react-contact-list/contact/src/components/contactListPage/ContactItem.js">
        <metrics statements="18" coveredstatements="18" conditionals="2" coveredconditionals="2" methods="7" coveredmethods="7"/>
        <line num="9" count="7" type="stmt"/>
        <line num="10" count="10" type="stmt"/>
        <line num="12" count="10" type="stmt"/>
        <line num="13" count="10" type="stmt"/>
        <line num="14" count="10" type="stmt"/>
        <line num="16" count="10" type="stmt"/>
        <line num="17" count="2" type="stmt"/>
        <line num="20" count="10" type="stmt"/>
        <line num="21" count="2" type="stmt"/>
        <line num="24" count="10" type="stmt"/>
        <line num="25" count="2" type="stmt"/>
        <line num="28" count="10" type="stmt"/>
        <line num="29" count="10" type="stmt"/>
        <line num="30" count="10" type="stmt"/>
        <line num="42" count="10" type="stmt"/>
        <line num="61" count="7" type="stmt"/>
        <line num="103" count="7" type="stmt"/>
        <line num="104" count="10" type="stmt"/>
      </file>
      <file name="ErrorMessage.js" path="/Users/marijoyapa/Documents/GitHub/react-contact-list/contact/src/components/contactListPage/ErrorMessage.js">
        <metrics statements="3" coveredstatements="3" conditionals="0" coveredconditionals="0" methods="1" coveredmethods="1"/>
        <line num="4" count="9" type="stmt"/>
        <line num="5" count="2" type="stmt"/>
        <line num="13" count="9" type="stmt"/>
      </file>
      <file name="NoContactsMessage.js" path="/Users/marijoyapa/Documents/GitHub/react-contact-list/contact/src/components/contactListPage/NoContactsMessage.js">
        <metrics statements="3" coveredstatements="3" conditionals="0" coveredconditionals="0" methods="1" coveredmethods="1"/>
        <line num="5" count="7" type="stmt"/>
        <line num="6" count="2" type="stmt"/>
        <line num="15" count="7" type="stmt"/>
      </file>
      <file name="NoSearchResult.js" path="/Users/marijoyapa/Documents/GitHub/react-contact-list/contact/src/components/contactListPage/NoSearchResult.js">
        <metrics statements="3" coveredstatements="3" conditionals="0" coveredconditionals="0" methods="1" coveredmethods="1"/>
        <line num="5" count="7" type="stmt"/>
        <line num="6" count="2" type="stmt"/>
        <line num="15" count="7" type="stmt"/>
      </file>
      <file name="SearchBar.js" path="/Users/marijoyapa/Documents/GitHub/react-contact-list/contact/src/components/contactListPage/SearchBar.js">
        <metrics statements="10" coveredstatements="10" conditionals="2" coveredconditionals="2" methods="4" coveredmethods="4"/>
        <line num="8" count="7" type="stmt"/>
        <line num="9" count="34" type="stmt"/>
        <line num="11" count="34" type="stmt"/>
        <line num="12" count="1" type="stmt"/>
        <line num="15" count="34" type="stmt"/>
        <line num="16" count="1" type="stmt"/>
        <line num="19" count="34" type="stmt"/>
        <line num="41" count="7" type="stmt"/>
        <line num="71" count="7" type="stmt"/>
        <line num="72" count="46" type="stmt"/>
      </file>
    </package>
    <package name="contact.src.components.createContactPage">
      <metrics statements="72" coveredstatements="71" conditionals="12" coveredconditionals="12" methods="20" coveredmethods="19"/>
      <file name="AddEmergencyButton.js" path="/Users/marijoyapa/Documents/GitHub/react-contact-list/contact/src/components/createContactPage/AddEmergencyButton.js">
        <metrics statements="5" coveredstatements="5" conditionals="4" coveredconditionals="4" methods="1" coveredmethods="1"/>
        <line num="5" count="7" type="stmt"/>
        <line num="6" count="40" type="stmt"/>
        <line num="7" count="40" type="cond" truecount="2" falsecount="0"/>
        <line num="8" count="40" type="stmt"/>
        <line num="18" count="7" type="stmt"/>
      </file>
      <file name="AddImage.js" path="/Users/marijoyapa/Documents/GitHub/react-contact-list/contact/src/components/createContactPage/AddImage.js">
        <metrics statements="12" coveredstatements="12" conditionals="4" coveredconditionals="4" methods="2" coveredmethods="2"/>
        <line num="5" count="7" type="stmt"/>
        <line num="6" count="33" type="stmt"/>
        <line num="7" count="33" type="stmt"/>
        <line num="8" count="6" type="stmt"/>
        <line num="9" count="6" type="stmt"/>
        <line num="10" count="6" type="stmt"/>
        <line num="15" count="4" type="cond" truecount="2" falsecount="0"/>
        <line num="16" count="2" type="stmt"/>
        <line num="19" count="2" type="stmt"/>
        <line num="20" count="2" type="stmt"/>
        <line num="25" count="33" type="stmt"/>
        <line num="37" count="7" type="stmt"/>
      </file>
      <file name="ContactForm.js" path="/Users/marijoyapa/Documents/GitHub/react-contact-list/contact/src/components/createContactPage/ContactForm.js">
        <metrics statements="34" coveredstatements="34" conditionals="0" coveredconditionals="0" methods="11" coveredmethods="11"/>
        <line num="14" count="7" type="stmt"/>
        <line num="17" count="33" type="stmt"/>
        <line num="18" count="33" type="stmt"/>
        <line num="19" count="33" type="stmt"/>
        <line num="20" count="36" type="stmt"/>
        <line num="31" count="33" type="stmt"/>
        <line num="34" count="33" type="stmt"/>
        <line num="35" count="2" type="stmt"/>
        <line num="36" count="2" type="stmt"/>
        <line num="37" count="2" type="stmt"/>
        <line num="40" count="33" type="stmt"/>
        <line num="41" count="3" type="stmt"/>
        <line num="42" count="3" type="stmt"/>
        <line num="43" count="3" type="stmt"/>
        <line num="46" count="33" type="stmt"/>
        <line num="47" count="1" type="stmt"/>
        <line num="48" count="1" type="stmt"/>
        <line num="51" count="33" type="stmt"/>
        <line num="52" count="1" type="stmt"/>
        <line num="53" count="1" type="stmt"/>
        <line num="56" count="33" type="stmt"/>
        <line num="57" count="1" type="stmt"/>
        <line num="58" count="1" type="stmt"/>
        <line num="61" count="33" type="stmt"/>
        <line num="62" count="1" type="stmt"/>
        <line num="65" count="33" type="stmt"/>
        <line num="66" count="1" type="stmt"/>
        <line num="69" count="33" type="stmt"/>
        <line num="70" count="2" type="stmt"/>
        <line num="74" count="33" type="stmt"/>
        <line num="101" count="7" type="stmt"/>
        <line num="129" count="7" type="stmt"/>
        <line num="130" count="38" type="stmt"/>
        <line num="131" count="38" type="stmt"/>
      </file>
      <file name="NotesInput.js" path="/Users/marijoyapa/Documents/GitHub/react-contact-list/contact/src/components/createContactPage/NotesInput.js">
        <metrics statements="4" coveredstatements="4" conditionals="0" coveredconditionals="0" methods="1" coveredmethods="1"/>
        <line num="4" count="7" type="stmt"/>
        <line num="5" count="33" type="stmt"/>
        <line num="6" count="33" type="stmt"/>
        <line num="14" count="7" type="stmt"/>
      </file>
      <file name="NumberInput.js" path="/Users/marijoyapa/Documents/GitHub/react-contact-list/contact/src/components/createContactPage/NumberInput.js">
        <metrics statements="17" coveredstatements="16" conditionals="4" coveredconditionals="4" methods="5" coveredmethods="4"/>
        <line num="8" count="7" type="stmt"/>
        <line num="9" count="42" type="stmt"/>
        <line num="10" count="42" type="stmt"/>
        <line num="11" count="42" type="stmt"/>
        <line num="12" count="42" type="stmt"/>
        <line num="13" count="2" type="stmt"/>
        <line num="16" count="42" type="stmt"/>
        <line num="18" count="42" type="stmt"/>
        <line num="19" count="2" type="stmt"/>
        <line num="20" count="2" type="stmt"/>
        <line num="23" count="42" type="stmt"/>
        <line num="24" count="3" type="cond" truecount="2" falsecount="0"/>
        <line num="25" count="3" type="stmt"/>
        <line num="26" count="3" type="stmt"/>
        <line num="28" count="42" type="stmt"/>
        <line num="44" count="0" type="stmt"/>
        <line num="55" count="7" type="stmt"/>
      </file>
    </package>
    <package name="contact.src.navigation">
      <metrics statements="15" coveredstatements="15" conditionals="4" coveredconditionals="2" methods="6" coveredmethods="6"/>
      <file name="MainStackNavigator.js" path="/Users/marijoyapa/Documents/GitHub/react-contact-list/contact/src/navigation/MainStackNavigator.js">
        <metrics statements="3" coveredstatements="3" conditionals="0" coveredconditionals="0" methods="1" coveredmethods="1"/>
        <line num="9" count="2" type="stmt"/>
        <line num="11" count="2" type="stmt"/>
        <line num="12" count="2" type="stmt"/>
      </file>
      <file name="TabNavigator.js" path="/Users/marijoyapa/Documents/GitHub/react-contact-list/contact/src/navigation/TabNavigator.js">
        <metrics statements="4" coveredstatements="4" conditionals="0" coveredconditionals="0" methods="1" coveredmethods="1"/>
        <line num="7" count="2" type="stmt"/>
        <line num="9" count="2" type="stmt"/>
        <line num="11" count="2" type="stmt"/>
        <line num="12" count="2" type="stmt"/>
      </file>
      <file name="navigationOptions.js" path="/Users/marijoyapa/Documents/GitHub/react-contact-list/contact/src/navigation/navigationOptions.js">
        <metrics statements="8" coveredstatements="8" conditionals="4" coveredconditionals="2" methods="4" coveredmethods="4"/>
        <line num="4" count="7" type="stmt"/>
        <line num="6" count="7" type="stmt"/>
        <line num="30" count="7" type="stmt"/>
        <line num="31" count="4" type="stmt"/>
        <line num="39" count="7" type="stmt"/>
        <line num="40" count="4" type="stmt"/>
        <line num="47" count="7" type="stmt"/>
        <line num="48" count="49" type="stmt"/>
      </file>
    </package>
    <package name="contact.src.reducers">
      <metrics statements="20" coveredstatements="20" conditionals="17" coveredconditionals="17" methods="3" coveredmethods="3"/>
      <file name="ContactFormReducer.js" path="/Users/marijoyapa/Documents/GitHub/react-contact-list/contact/src/reducers/ContactFormReducer.js">
        <metrics statements="9" coveredstatements="9" conditionals="8" coveredconditionals="8" methods="1" coveredmethods="1"/>
        <line num="11" count="9" type="stmt"/>
        <line num="24" count="305" type="cond" truecount="7" falsecount="0"/>
        <line num="26" count="14" type="stmt"/>
        <line num="28" count="5" type="stmt"/>
        <line num="30" count="10" type="stmt"/>
        <line num="32" count="2" type="stmt"/>
        <line num="34" count="14" type="stmt"/>
        <line num="36" count="7" type="stmt"/>
        <line num="38" count="253" type="stmt"/>
      </file>
      <file name="ContactListReducer.js" path="/Users/marijoyapa/Documents/GitHub/react-contact-list/contact/src/reducers/ContactListReducer.js">
        <metrics statements="6" coveredstatements="6" conditionals="5" coveredconditionals="5" methods="1" coveredmethods="1"/>
        <line num="7" count="9" type="stmt"/>
        <line num="14" count="235" type="cond" truecount="4" falsecount="0"/>
        <line num="16" count="4" type="stmt"/>
        <line num="18" count="14" type="stmt"/>
        <line num="20" count="1" type="stmt"/>
        <line num="22" count="216" type="stmt"/>
      </file>
      <file name="SearchItemReducer.js" path="/Users/marijoyapa/Documents/GitHub/react-contact-list/contact/src/reducers/SearchItemReducer.js">
        <metrics statements="5" coveredstatements="5" conditionals="4" coveredconditionals="4" methods="1" coveredmethods="1"/>
        <line num="6" count="9" type="stmt"/>
        <line num="9" count="216" type="cond" truecount="3" falsecount="0"/>
        <line num="11" count="1" type="stmt"/>
        <line num="13" count="1" type="stmt"/>
        <line num="15" count="214" type="stmt"/>
      </file>
      <file name="index.js" path="/Users/marijoyapa/Documents/GitHub/react-contact-list/contact/src/reducers/index.js">
        <metrics statements="0" coveredstatements="0" conditionals="0" coveredconditionals="0" methods="0" coveredmethods="0"/>
      </file>
    </package>
    <package name="contact.src.screens">
      <metrics statements="126" coveredstatements="125" conditionals="32" coveredconditionals="31" methods="40" coveredmethods="40"/>
      <file name="ContactDetailsScreen.js" path="/Users/marijoyapa/Documents/GitHub/react-contact-list/contact/src/screens/ContactDetailsScreen.js">
        <metrics statements="28" coveredstatements="28" conditionals="2" coveredconditionals="2" methods="9" coveredmethods="9"/>
        <line num="14" count="3" type="stmt"/>
        <line num="15" count="7" type="stmt"/>
        <line num="17" count="7" type="stmt"/>
        <line num="18" count="7" type="stmt"/>
        <line num="19" count="7" type="stmt"/>
        <line num="21" count="7" type="stmt"/>
        <line num="23" count="7" type="stmt"/>
        <line num="31" count="7" type="stmt"/>
        <line num="32" count="7" type="stmt"/>
        <line num="34" count="1" type="stmt"/>
        <line num="40" count="7" type="stmt"/>
        <line num="41" count="7" type="stmt"/>
        <line num="43" count="7" type="stmt"/>
        <line num="44" count="9" type="stmt"/>
        <line num="45" count="9" type="stmt"/>
        <line num="46" count="9" type="stmt"/>
        <line num="51" count="7" type="stmt"/>
        <line num="55" count="7" type="stmt"/>
        <line num="56" count="7" type="cond" truecount="2" falsecount="0"/>
        <line num="57" count="4" type="stmt"/>
        <line num="61" count="3" type="stmt"/>
        <line num="68" count="7" type="stmt"/>
        <line num="69" count="1" type="stmt"/>
        <line num="72" count="7" type="stmt"/>
        <line num="87" count="3" type="stmt"/>
        <line num="129" count="3" type="stmt"/>
        <line num="134" count="3" type="stmt"/>
        <line num="135" count="7" type="stmt"/>
      </file>
      <file name="ContactListScreen.js" path="/Users/marijoyapa/Documents/GitHub/react-contact-list/contact/src/screens/ContactListScreen.js">
        <metrics statements="29" coveredstatements="29" conditionals="10" coveredconditionals="10" methods="9" coveredmethods="9"/>
        <line num="17" count="7" type="stmt"/>
        <line num="18" count="34" type="stmt"/>
        <line num="19" count="34" type="stmt"/>
        <line num="21" count="34" type="stmt"/>
        <line num="22" count="18" type="stmt"/>
        <line num="23" count="18" type="stmt"/>
        <line num="26" count="34" type="stmt"/>
        <line num="27" count="34" type="cond" truecount="2" falsecount="0"/>
        <line num="28" count="26" type="stmt"/>
        <line num="32" count="8" type="cond" truecount="2" falsecount="0"/>
        <line num="33" count="1" type="stmt"/>
        <line num="35" count="7" type="cond" truecount="4" falsecount="0"/>
        <line num="36" count="1" type="stmt"/>
        <line num="39" count="6" type="cond" truecount="2" falsecount="0"/>
        <line num="40" count="1" type="stmt"/>
        <line num="44" count="5" type="stmt"/>
        <line num="48" count="10" type="stmt"/>
        <line num="50" count="5" type="stmt"/>
        <line num="55" count="34" type="stmt"/>
        <line num="56" count="2" type="stmt"/>
        <line num="59" count="34" type="stmt"/>
        <line num="68" count="6" type="stmt"/>
        <line num="75" count="7" type="stmt"/>
        <line num="83" count="7" type="stmt"/>
        <line num="87" count="7" type="stmt"/>
        <line num="88" count="28" type="stmt"/>
        <line num="89" count="5" type="stmt"/>
        <line num="90" count="5" type="stmt"/>
        <line num="94" count="26" type="stmt"/>
      </file>
      <file name="CreateContactScreen.js" path="/Users/marijoyapa/Documents/GitHub/react-contact-list/contact/src/screens/CreateContactScreen.js">
        <metrics statements="24" coveredstatements="23" conditionals="4" coveredconditionals="3" methods="6" coveredmethods="6"/>
        <line num="9" count="7" type="stmt"/>
        <line num="12" count="7" type="stmt"/>
        <line num="13" count="27" type="stmt"/>
        <line num="14" count="27" type="stmt"/>
        <line num="16" count="27" type="stmt"/>
        <line num="24" count="3" type="stmt"/>
        <line num="25" count="3" type="stmt"/>
        <line num="33" count="3" type="stmt"/>
        <line num="34" count="3" type="cond" truecount="1" falsecount="1"/>
        <line num="35" count="3" type="stmt"/>
        <line num="36" count="3" type="stmt"/>
        <line num="38" count="0" type="stmt"/>
        <line num="41" count="27" type="stmt"/>
        <line num="42" count="2" type="stmt"/>
        <line num="43" count="2" type="stmt"/>
        <line num="47" count="27" type="stmt"/>
        <line num="48" count="2" type="stmt"/>
        <line num="49" count="2" type="stmt"/>
        <line num="52" count="27" type="stmt"/>
        <line num="72" count="4" type="stmt"/>
        <line num="82" count="7" type="stmt"/>
        <line num="114" count="7" type="stmt"/>
        <line num="123" count="33" type="stmt"/>
        <line num="124" count="33" type="stmt"/>
      </file>
      <file name="EditContactScreen.js" path="/Users/marijoyapa/Documents/GitHub/react-contact-list/contact/src/screens/EditContactScreen.js">
        <metrics statements="22" coveredstatements="22" conditionals="4" coveredconditionals="4" methods="9" coveredmethods="9"/>
        <line num="10" count="3" type="stmt"/>
        <line num="11" count="14" type="stmt"/>
        <line num="12" count="14" type="stmt"/>
        <line num="14" count="14" type="stmt"/>
        <line num="16" count="14" type="stmt"/>
        <line num="17" count="14" type="stmt"/>
        <line num="25" count="14" type="stmt"/>
        <line num="26" count="12" type="stmt"/>
        <line num="28" count="12" type="stmt"/>
        <line num="29" count="12" type="stmt"/>
        <line num="33" count="14" type="stmt"/>
        <line num="34" count="14" type="stmt"/>
        <line num="36" count="2" type="stmt"/>
        <line num="42" count="14" type="stmt"/>
        <line num="50" count="2" type="stmt"/>
        <line num="51" count="2" type="stmt"/>
        <line num="60" count="2" type="cond" truecount="2" falsecount="0"/>
        <line num="61" count="1" type="stmt"/>
        <line num="65" count="14" type="stmt"/>
        <line num="72" count="3" type="stmt"/>
        <line num="73" count="22" type="stmt"/>
        <line num="74" count="22" type="stmt"/>
      </file>
      <file name="EmergencyListScreen.js" path="/Users/marijoyapa/Documents/GitHub/react-contact-list/contact/src/screens/EmergencyListScreen.js">
        <metrics statements="23" coveredstatements="23" conditionals="12" coveredconditionals="12" methods="7" coveredmethods="7"/>
        <line num="13" count="3" type="stmt"/>
        <line num="14" count="12" type="stmt"/>
        <line num="15" count="12" type="stmt"/>
        <line num="16" count="10" type="stmt"/>
        <line num="19" count="12" type="stmt"/>
        <line num="20" count="12" type="cond" truecount="2" falsecount="0"/>
        <line num="21" count="4" type="stmt"/>
        <line num="25" count="8" type="cond" truecount="2" falsecount="0"/>
        <line num="26" count="1" type="stmt"/>
        <line num="28" count="7" type="cond" truecount="4" falsecount="0"/>
        <line num="29" count="1" type="stmt"/>
        <line num="32" count="6" type="cond" truecount="2" falsecount="0"/>
        <line num="33" count="1" type="stmt"/>
        <line num="37" count="5" type="stmt"/>
        <line num="41" count="10" type="stmt"/>
        <line num="43" count="5" type="stmt"/>
        <line num="48" count="12" type="stmt"/>
        <line num="57" count="3" type="stmt"/>
        <line num="64" count="3" type="stmt"/>
        <line num="65" count="12" type="stmt"/>
        <line num="66" count="5" type="stmt"/>
        <line num="67" count="5" type="cond" truecount="2" falsecount="0"/>
        <line num="70" count="12" type="stmt"/>
      </file>
    </package>
    <package name="contact.src.theme">
      <metrics statements="2" coveredstatements="2" conditionals="0" coveredconditionals="0" methods="0" coveredmethods="0"/>
      <file name="theme.js" path="/Users/marijoyapa/Documents/GitHub/react-contact-list/contact/src/theme/theme.js">
        <metrics statements="2" coveredstatements="2" conditionals="0" coveredconditionals="0" methods="0" coveredmethods="0"/>
        <line num="4" count="7" type="stmt"/>
        <line num="22" count="7" type="stmt"/>
      </file>
    </package>
  </project>
</coverage>
