{"/Users/marijoyapa/Documents/GitHub/react-contact-list/contact/App.js": {"path":"/Users/marijoyapa/Documents/GitHub/react-contact-list/contact/App.js","statementMap":{"0":{"start":{"line":14,"column":12},"end":{"line":35,"column":1}},"1":{"start":{"line":15,"column":30},"end":{"line":15,"column":67}},"2":{"start":{"line":16,"column":16},"end":{"line":16,"column":58}},"3":{"start":{"line":18,"column":2},"end":{"line":25,"column":8}},"4":{"start":{"line":19,"column":31},"end":{"line":21,"column":6}},"5":{"start":{"line":20,"column":6},"end":{"line":20,"column":35}},"6":{"start":{"line":22,"column":4},"end":{"line":24,"column":5}},"7":{"start":{"line":23,"column":6},"end":{"line":23,"column":34}},"8":{"start":{"line":27,"column":2},"end":{"line":34,"column":21}}},"fnMap":{"0":{"name":"(anonymous_0)","decl":{"start":{"line":14,"column":12},"end":{"line":14,"column":13}},"loc":{"start":{"line":14,"column":18},"end":{"line":35,"column":1}},"line":14},"1":{"name":"(anonymous_1)","decl":{"start":{"line":18,"column":12},"end":{"line":18,"column":13}},"loc":{"start":{"line":18,"column":18},"end":{"line":25,"column":3}},"line":18},"2":{"name":"(anonymous_2)","decl":{"start":{"line":19,"column":60},"end":{"line":19,"column":61}},"loc":{"start":{"line":19,"column":71},"end":{"line":21,"column":5}},"line":19},"3":{"name":"(anonymous_3)","decl":{"start":{"line":22,"column":11},"end":{"line":22,"column":12}},"loc":{"start":{"line":22,"column":17},"end":{"line":24,"column":5}},"line":22}},"branchMap":{"0":{"loc":{"start":{"line":16,"column":16},"end":{"line":16,"column":58}},"type":"cond-expr","locations":[{"start":{"line":16,"column":36},"end":{"line":16,"column":45}},{"start":{"line":16,"column":48},"end":{"line":16,"column":58}}],"line":16}},"s":{"0":2,"1":2,"2":2,"3":2,"4":2,"5":0,"6":2,"7":2,"8":2},"f":{"0":2,"1":2,"2":0,"3":2},"b":{"0":[0,2]},"_coverageSchema":"1a1c01bbd47fc00a2c39e90264f33305004495a9","hash":"2a139361d584cdc366aac3bd4e5bd710c216bb66"}
,"/Users/marijoyapa/Documents/GitHub/react-contact-list/contact/src/initializeFirebaseApp.js": {"path":"/Users/marijoyapa/Documents/GitHub/react-contact-list/contact/src/initializeFirebaseApp.js","statementMap":{"0":{"start":{"line":3,"column":30},"end":{"line":13,"column":1}},"1":{"start":{"line":4,"column":2},"end":{"line":12,"column":5}}},"fnMap":{"0":{"name":"(anonymous_0)","decl":{"start":{"line":3,"column":30},"end":{"line":3,"column":31}},"loc":{"start":{"line":3,"column":36},"end":{"line":13,"column":1}},"line":3}},"branchMap":{},"s":{"0":7,"1":18},"f":{"0":18},"b":{},"_coverageSchema":"1a1c01bbd47fc00a2c39e90264f33305004495a9","hash":"d0223cfe123bd26db5f527a6f084ccc9f8221e7c"}
,"/Users/marijoyapa/Documents/GitHub/react-contact-list/contact/src/actions/ContactFormAction.js": {"path":"/Users/marijoyapa/Documents/GitHub/react-contact-list/contact/src/actions/ContactFormAction.js","statementMap":{"0":{"start":{"line":6,"column":33},"end":{"line":14,"column":1}},"1":{"start":{"line":7,"column":4},"end":{"line":13,"column":5}},"2":{"start":{"line":8,"column":8},"end":{"line":11,"column":10}},"3":{"start":{"line":12,"column":8},"end":{"line":12,"column":32}},"4":{"start":{"line":17,"column":29},"end":{"line":42,"column":1}},"5":{"start":{"line":18,"column":4},"end":{"line":41,"column":5}},"6":{"start":{"line":19,"column":8},"end":{"line":40,"column":10}},"7":{"start":{"line":21,"column":34},"end":{"line":21,"column":63}},"8":{"start":{"line":22,"column":30},"end":{"line":22,"column":64}},"9":{"start":{"line":25,"column":12},"end":{"line":39,"column":19}},"10":{"start":{"line":30,"column":20},"end":{"line":30,"column":58}},"11":{"start":{"line":31,"column":20},"end":{"line":31,"column":46}},"12":{"start":{"line":34,"column":20},"end":{"line":34,"column":69}},"13":{"start":{"line":37,"column":20},"end":{"line":37,"column":100}},"14":{"start":{"line":38,"column":20},"end":{"line":38,"column":46}},"15":{"start":{"line":44,"column":29},"end":{"line":66,"column":1}},"16":{"start":{"line":45,"column":4},"end":{"line":65,"column":5}},"17":{"start":{"line":46,"column":8},"end":{"line":64,"column":10}},"18":{"start":{"line":47,"column":34},"end":{"line":47,"column":63}},"19":{"start":{"line":48,"column":30},"end":{"line":48,"column":70}},"20":{"start":{"line":51,"column":12},"end":{"line":63,"column":18}},"21":{"start":{"line":54,"column":20},"end":{"line":54,"column":58}},"22":{"start":{"line":55,"column":20},"end":{"line":55,"column":44}},"23":{"start":{"line":58,"column":20},"end":{"line":58,"column":65}},"24":{"start":{"line":61,"column":20},"end":{"line":61,"column":83}},"25":{"start":{"line":62,"column":20},"end":{"line":62,"column":45}},"26":{"start":{"line":69,"column":38},"end":{"line":80,"column":1}},"27":{"start":{"line":70,"column":4},"end":{"line":79,"column":5}},"28":{"start":{"line":71,"column":26},"end":{"line":71,"column":66}},"29":{"start":{"line":74,"column":8},"end":{"line":78,"column":14}},"30":{"start":{"line":76,"column":16},"end":{"line":76,"column":73}},"31":{"start":{"line":77,"column":16},"end":{"line":77,"column":79}},"32":{"start":{"line":82,"column":29},"end":{"line":92,"column":1}},"33":{"start":{"line":83,"column":4},"end":{"line":91,"column":5}},"34":{"start":{"line":84,"column":8},"end":{"line":84,"column":40}},"35":{"start":{"line":85,"column":26},"end":{"line":85,"column":66}},"36":{"start":{"line":86,"column":8},"end":{"line":90,"column":14}},"37":{"start":{"line":88,"column":16},"end":{"line":88,"column":63}},"38":{"start":{"line":89,"column":16},"end":{"line":89,"column":79}},"39":{"start":{"line":94,"column":32},"end":{"line":98,"column":1}},"40":{"start":{"line":95,"column":4},"end":{"line":97,"column":5}},"41":{"start":{"line":101,"column":28},"end":{"line":116,"column":1}},"42":{"start":{"line":102,"column":4},"end":{"line":115,"column":5}},"43":{"start":{"line":104,"column":47},"end":{"line":104,"column":69}},"44":{"start":{"line":107,"column":28},"end":{"line":107,"column":77}},"45":{"start":{"line":108,"column":29},"end":{"line":109,"column":48}},"46":{"start":{"line":108,"column":49},"end":{"line":109,"column":46}},"47":{"start":{"line":111,"column":24},"end":{"line":111,"column":51}},"48":{"start":{"line":114,"column":8},"end":{"line":114,"column":67}},"49":{"start":{"line":119,"column":34},"end":{"line":126,"column":1}},"50":{"start":{"line":120,"column":4},"end":{"line":125,"column":5}},"51":{"start":{"line":121,"column":8},"end":{"line":124,"column":10}},"52":{"start":{"line":129,"column":30},"end":{"line":133,"column":1}},"53":{"start":{"line":130,"column":4},"end":{"line":132,"column":5}},"54":{"start":{"line":136,"column":27},"end":{"line":142,"column":1}},"55":{"start":{"line":137,"column":4},"end":{"line":137,"column":31}},"56":{"start":{"line":138,"column":4},"end":{"line":141,"column":5}},"57":{"start":{"line":145,"column":31},"end":{"line":152,"column":1}},"58":{"start":{"line":146,"column":22},"end":{"line":149,"column":6}},"59":{"start":{"line":147,"column":29},"end":{"line":147,"column":88}},"60":{"start":{"line":148,"column":8},"end":{"line":148,"column":28}},"61":{"start":{"line":151,"column":4},"end":{"line":151,"column":21}},"62":{"start":{"line":155,"column":33},"end":{"line":163,"column":1}},"63":{"start":{"line":156,"column":4},"end":{"line":156,"column":36}},"64":{"start":{"line":157,"column":4},"end":{"line":157,"column":66}},"65":{"start":{"line":159,"column":4},"end":{"line":161,"column":13}},"66":{"start":{"line":160,"column":8},"end":{"line":160,"column":52}}},"fnMap":{"0":{"name":"(anonymous_0)","decl":{"start":{"line":6,"column":33},"end":{"line":6,"column":34}},"loc":{"start":{"line":6,"column":54},"end":{"line":14,"column":1}},"line":6},"1":{"name":"(anonymous_1)","decl":{"start":{"line":7,"column":11},"end":{"line":7,"column":12}},"loc":{"start":{"line":7,"column":25},"end":{"line":13,"column":5}},"line":7},"2":{"name":"(anonymous_2)","decl":{"start":{"line":17,"column":29},"end":{"line":17,"column":30}},"loc":{"start":{"line":17,"column":97},"end":{"line":42,"column":1}},"line":17},"3":{"name":"(anonymous_3)","decl":{"start":{"line":18,"column":11},"end":{"line":18,"column":12}},"loc":{"start":{"line":18,"column":25},"end":{"line":41,"column":5}},"line":18},"4":{"name":"(anonymous_4)","decl":{"start":{"line":19,"column":27},"end":{"line":19,"column":28}},"loc":{"start":{"line":19,"column":40},"end":{"line":40,"column":9}},"line":19},"5":{"name":"(anonymous_5)","decl":{"start":{"line":26,"column":22},"end":{"line":26,"column":23}},"loc":{"start":{"line":26,"column":28},"end":{"line":32,"column":17}},"line":26},"6":{"name":"(anonymous_6)","decl":{"start":{"line":33,"column":24},"end":{"line":33,"column":25}},"loc":{"start":{"line":33,"column":33},"end":{"line":39,"column":17}},"line":33},"7":{"name":"(anonymous_7)","decl":{"start":{"line":44,"column":29},"end":{"line":44,"column":30}},"loc":{"start":{"line":44,"column":101},"end":{"line":66,"column":1}},"line":44},"8":{"name":"(anonymous_8)","decl":{"start":{"line":45,"column":11},"end":{"line":45,"column":12}},"loc":{"start":{"line":45,"column":25},"end":{"line":65,"column":5}},"line":45},"9":{"name":"(anonymous_9)","decl":{"start":{"line":46,"column":27},"end":{"line":46,"column":28}},"loc":{"start":{"line":46,"column":40},"end":{"line":64,"column":9}},"line":46},"10":{"name":"(anonymous_10)","decl":{"start":{"line":52,"column":22},"end":{"line":52,"column":23}},"loc":{"start":{"line":52,"column":28},"end":{"line":56,"column":17}},"line":52},"11":{"name":"(anonymous_11)","decl":{"start":{"line":57,"column":23},"end":{"line":57,"column":24}},"loc":{"start":{"line":57,"column":34},"end":{"line":63,"column":17}},"line":57},"12":{"name":"(anonymous_12)","decl":{"start":{"line":69,"column":38},"end":{"line":69,"column":39}},"loc":{"start":{"line":69,"column":64},"end":{"line":80,"column":1}},"line":69},"13":{"name":"(anonymous_13)","decl":{"start":{"line":70,"column":11},"end":{"line":70,"column":12}},"loc":{"start":{"line":70,"column":25},"end":{"line":79,"column":5}},"line":70},"14":{"name":"(anonymous_14)","decl":{"start":{"line":75,"column":19},"end":{"line":75,"column":20}},"loc":{"start":{"line":75,"column":30},"end":{"line":78,"column":13}},"line":75},"15":{"name":"(anonymous_15)","decl":{"start":{"line":82,"column":29},"end":{"line":82,"column":30}},"loc":{"start":{"line":82,"column":37},"end":{"line":92,"column":1}},"line":82},"16":{"name":"(anonymous_16)","decl":{"start":{"line":83,"column":11},"end":{"line":83,"column":12}},"loc":{"start":{"line":83,"column":25},"end":{"line":91,"column":5}},"line":83},"17":{"name":"(anonymous_17)","decl":{"start":{"line":87,"column":19},"end":{"line":87,"column":20}},"loc":{"start":{"line":87,"column":30},"end":{"line":90,"column":13}},"line":87},"18":{"name":"(anonymous_18)","decl":{"start":{"line":94,"column":32},"end":{"line":94,"column":33}},"loc":{"start":{"line":94,"column":38},"end":{"line":98,"column":1}},"line":94},"19":{"name":"(anonymous_19)","decl":{"start":{"line":101,"column":28},"end":{"line":101,"column":29}},"loc":{"start":{"line":101,"column":34},"end":{"line":116,"column":1}},"line":101},"20":{"name":"(anonymous_20)","decl":{"start":{"line":102,"column":11},"end":{"line":102,"column":12}},"loc":{"start":{"line":102,"column":35},"end":{"line":115,"column":5}},"line":102},"21":{"name":"(anonymous_21)","decl":{"start":{"line":108,"column":41},"end":{"line":108,"column":42}},"loc":{"start":{"line":108,"column":49},"end":{"line":109,"column":46}},"line":108},"22":{"name":"(anonymous_22)","decl":{"start":{"line":119,"column":34},"end":{"line":119,"column":35}},"loc":{"start":{"line":119,"column":44},"end":{"line":126,"column":1}},"line":119},"23":{"name":"(anonymous_23)","decl":{"start":{"line":120,"column":11},"end":{"line":120,"column":12}},"loc":{"start":{"line":120,"column":25},"end":{"line":125,"column":5}},"line":120},"24":{"name":"(anonymous_24)","decl":{"start":{"line":129,"column":30},"end":{"line":129,"column":31}},"loc":{"start":{"line":129,"column":36},"end":{"line":133,"column":1}},"line":129},"25":{"name":"(anonymous_25)","decl":{"start":{"line":136,"column":27},"end":{"line":136,"column":28}},"loc":{"start":{"line":136,"column":40},"end":{"line":142,"column":1}},"line":136},"26":{"name":"(anonymous_26)","decl":{"start":{"line":145,"column":31},"end":{"line":145,"column":32}},"loc":{"start":{"line":145,"column":46},"end":{"line":152,"column":1}},"line":145},"27":{"name":"(anonymous_27)","decl":{"start":{"line":146,"column":39},"end":{"line":146,"column":40}},"loc":{"start":{"line":146,"column":47},"end":{"line":149,"column":5}},"line":146},"28":{"name":"(anonymous_28)","decl":{"start":{"line":155,"column":33},"end":{"line":155,"column":34}},"loc":{"start":{"line":155,"column":61},"end":{"line":163,"column":1}},"line":155},"29":{"name":"(anonymous_29)","decl":{"start":{"line":159,"column":15},"end":{"line":159,"column":16}},"loc":{"start":{"line":159,"column":21},"end":{"line":161,"column":5}},"line":159}},"branchMap":{"0":{"loc":{"start":{"line":107,"column":28},"end":{"line":107,"column":77}},"type":"binary-expr","locations":[{"start":{"line":107,"column":28},"end":{"line":107,"column":51}},{"start":{"line":107,"column":55},"end":{"line":107,"column":77}}],"line":107},"1":{"loc":{"start":{"line":108,"column":49},"end":{"line":109,"column":46}},"type":"binary-expr","locations":[{"start":{"line":108,"column":49},"end":{"line":108,"column":73}},{"start":{"line":109,"column":15},"end":{"line":109,"column":46}}],"line":108},"2":{"loc":{"start":{"line":111,"column":24},"end":{"line":111,"column":51}},"type":"binary-expr","locations":[{"start":{"line":111,"column":24},"end":{"line":111,"column":35}},{"start":{"line":111,"column":39},"end":{"line":111,"column":51}}],"line":111},"3":{"loc":{"start":{"line":147,"column":29},"end":{"line":147,"column":88}},"type":"binary-expr","locations":[{"start":{"line":147,"column":29},"end":{"line":147,"column":53}},{"start":{"line":147,"column":57},"end":{"line":147,"column":88}}],"line":147}},"s":{"0":9,"1":14,"2":14,"3":14,"4":9,"5":3,"6":3,"7":3,"8":3,"9":3,"10":2,"11":2,"12":1,"13":1,"14":1,"15":9,"16":4,"17":4,"18":4,"19":4,"20":4,"21":2,"22":2,"23":2,"24":2,"25":2,"26":9,"27":3,"28":3,"29":3,"30":1,"31":1,"32":9,"33":3,"34":3,"35":3,"36":3,"37":2,"38":2,"39":9,"40":1,"41":9,"42":14,"43":14,"44":14,"45":14,"46":14,"47":14,"48":14,"49":9,"50":12,"51":12,"52":9,"53":1,"54":9,"55":1,"56":1,"57":9,"58":7,"59":7,"60":7,"61":7,"62":9,"63":5,"64":5,"65":5,"66":1},"f":{"0":14,"1":14,"2":3,"3":3,"4":3,"5":2,"6":1,"7":4,"8":4,"9":4,"10":2,"11":2,"12":3,"13":3,"14":1,"15":3,"16":3,"17":2,"18":1,"19":14,"20":14,"21":14,"22":12,"23":12,"24":1,"25":1,"26":7,"27":7,"28":5,"29":1},"b":{"0":[14,6],"1":[14,5],"2":[14,8],"3":[7,7]},"_coverageSchema":"1a1c01bbd47fc00a2c39e90264f33305004495a9","hash":"0b01cb9c1b612a8918cf7fa816a577af2dc9d00e"}
,"/Users/marijoyapa/Documents/GitHub/react-contact-list/contact/src/actions/ContactListAction.js": {"path":"/Users/marijoyapa/Documents/GitHub/react-contact-list/contact/src/actions/ContactListAction.js","statementMap":{"0":{"start":{"line":5,"column":28},"end":{"line":41,"column":1}},"1":{"start":{"line":6,"column":4},"end":{"line":40,"column":5}},"2":{"start":{"line":7,"column":8},"end":{"line":7,"column":47}},"3":{"start":{"line":9,"column":24},"end":{"line":9,"column":60}},"4":{"start":{"line":12,"column":8},"end":{"line":16,"column":9}},"5":{"start":{"line":13,"column":12},"end":{"line":15,"column":14}},"6":{"start":{"line":18,"column":26},"end":{"line":21,"column":9}},"7":{"start":{"line":22,"column":8},"end":{"line":39,"column":10}},"8":{"start":{"line":23,"column":12},"end":{"line":38,"column":13}},"9":{"start":{"line":24,"column":34},"end":{"line":24,"column":36}},"10":{"start":{"line":25,"column":16},"end":{"line":25,"column":43}},"11":{"start":{"line":26,"column":16},"end":{"line":28,"column":17}},"12":{"start":{"line":27,"column":20},"end":{"line":27,"column":75}},"13":{"start":{"line":29,"column":16},"end":{"line":32,"column":18}},"14":{"start":{"line":34,"column":16},"end":{"line":34,"column":35}},"15":{"start":{"line":35,"column":16},"end":{"line":37,"column":18}},"16":{"start":{"line":44,"column":33},"end":{"line":48,"column":1}},"17":{"start":{"line":45,"column":24},"end":{"line":46,"column":47}},"18":{"start":{"line":46,"column":30},"end":{"line":46,"column":45}},"19":{"start":{"line":47,"column":4},"end":{"line":47,"column":22}}},"fnMap":{"0":{"name":"(anonymous_0)","decl":{"start":{"line":5,"column":28},"end":{"line":5,"column":29}},"loc":{"start":{"line":5,"column":34},"end":{"line":41,"column":1}},"line":5},"1":{"name":"(anonymous_1)","decl":{"start":{"line":6,"column":11},"end":{"line":6,"column":12}},"loc":{"start":{"line":6,"column":31},"end":{"line":40,"column":5}},"line":6},"2":{"name":"(anonymous_2)","decl":{"start":{"line":22,"column":27},"end":{"line":22,"column":28}},"loc":{"start":{"line":22,"column":41},"end":{"line":39,"column":9}},"line":22},"3":{"name":"(anonymous_3)","decl":{"start":{"line":44,"column":33},"end":{"line":44,"column":34}},"loc":{"start":{"line":44,"column":44},"end":{"line":48,"column":1}},"line":44},"4":{"name":"(anonymous_4)","decl":{"start":{"line":46,"column":13},"end":{"line":46,"column":14}},"loc":{"start":{"line":46,"column":30},"end":{"line":46,"column":45}},"line":46}},"branchMap":{"0":{"loc":{"start":{"line":12,"column":8},"end":{"line":16,"column":9}},"type":"if","locations":[{"start":{"line":12,"column":8},"end":{"line":16,"column":9}},{"start":{},"end":{}}],"line":12},"1":{"loc":{"start":{"line":26,"column":16},"end":{"line":28,"column":17}},"type":"if","locations":[{"start":{"line":26,"column":16},"end":{"line":28,"column":17}},{"start":{},"end":{}}],"line":26}},"s":{"0":9,"1":30,"2":30,"3":30,"4":30,"5":0,"6":30,"7":30,"8":3,"9":3,"10":3,"11":2,"12":1,"13":2,"14":1,"15":1,"16":9,"17":1,"18":2,"19":1},"f":{"0":30,"1":30,"2":3,"3":1,"4":2},"b":{"0":[0,30],"1":[1,1]},"_coverageSchema":"1a1c01bbd47fc00a2c39e90264f33305004495a9","hash":"fc68c7eb7d480a5fb55e8f3c2c1dd04a62730851"}
,"/Users/marijoyapa/Documents/GitHub/react-contact-list/contact/src/actions/SearchBarAction.js": {"path":"/Users/marijoyapa/Documents/GitHub/react-contact-list/contact/src/actions/SearchBarAction.js","statementMap":{"0":{"start":{"line":3,"column":29},"end":{"line":8,"column":1}},"1":{"start":{"line":4,"column":4},"end":{"line":7,"column":5}},"2":{"start":{"line":10,"column":31},"end":{"line":14,"column":1}},"3":{"start":{"line":11,"column":4},"end":{"line":13,"column":5}}},"fnMap":{"0":{"name":"(anonymous_0)","decl":{"start":{"line":3,"column":29},"end":{"line":3,"column":30}},"loc":{"start":{"line":3,"column":40},"end":{"line":8,"column":1}},"line":3},"1":{"name":"(anonymous_1)","decl":{"start":{"line":10,"column":31},"end":{"line":10,"column":32}},"loc":{"start":{"line":10,"column":42},"end":{"line":14,"column":1}},"line":10}},"branchMap":{},"s":{"0":9,"1":1,"2":9,"3":1},"f":{"0":1,"1":1},"b":{},"_coverageSchema":"1a1c01bbd47fc00a2c39e90264f33305004495a9","hash":"261d4ebbb5b2d591f400cfaed19fb627271458ab"}
,"/Users/marijoyapa/Documents/GitHub/react-contact-list/contact/src/actions/index.js": {"path":"/Users/marijoyapa/Documents/GitHub/react-contact-list/contact/src/actions/index.js","statementMap":{},"fnMap":{},"branchMap":{},"s":{},"f":{},"b":{},"_coverageSchema":"1a1c01bbd47fc00a2c39e90264f33305004495a9","hash":"59aa305a9b62e9675ad5056240cb69a8fccc444f"}
,"/Users/marijoyapa/Documents/GitHub/react-contact-list/contact/src/actions/types.js": {"path":"/Users/marijoyapa/Documents/GitHub/react-contact-list/contact/src/actions/types.js","statementMap":{"0":{"start":{"line":2,"column":35},"end":{"line":2,"column":56}},"1":{"start":{"line":3,"column":34},"end":{"line":3,"column":54}},"2":{"start":{"line":4,"column":34},"end":{"line":4,"column":54}},"3":{"start":{"line":5,"column":34},"end":{"line":5,"column":54}},"4":{"start":{"line":6,"column":40},"end":{"line":6,"column":66}},"5":{"start":{"line":7,"column":37},"end":{"line":7,"column":60}},"6":{"start":{"line":8,"column":36},"end":{"line":8,"column":58}},"7":{"start":{"line":11,"column":37},"end":{"line":11,"column":60}},"8":{"start":{"line":12,"column":35},"end":{"line":12,"column":56}},"9":{"start":{"line":13,"column":34},"end":{"line":13,"column":54}},"10":{"start":{"line":16,"column":31},"end":{"line":16,"column":48}},"11":{"start":{"line":17,"column":33},"end":{"line":17,"column":52}}},"fnMap":{},"branchMap":{},"s":{"0":9,"1":9,"2":9,"3":9,"4":9,"5":9,"6":9,"7":9,"8":9,"9":9,"10":9,"11":9},"f":{},"b":{},"_coverageSchema":"1a1c01bbd47fc00a2c39e90264f33305004495a9","hash":"23a8590e0b35e0a7a37746b41e5159ef4c5bd9e5"}
,"/Users/marijoyapa/Documents/GitHub/react-contact-list/contact/src/components/common/RadioButton.js": {"path":"/Users/marijoyapa/Documents/GitHub/react-contact-list/contact/src/components/common/RadioButton.js","statementMap":{"0":{"start":{"line":6,"column":20},"end":{"line":26,"column":1}},"1":{"start":{"line":7,"column":48},"end":{"line":7,"column":75}},"2":{"start":{"line":9,"column":30},"end":{"line":12,"column":5}},"3":{"start":{"line":10,"column":8},"end":{"line":10,"column":34}},"4":{"start":{"line":11,"column":8},"end":{"line":11,"column":34}},"5":{"start":{"line":14,"column":4},"end":{"line":25,"column":6}},"6":{"start":{"line":17,"column":16},"end":{"line":22,"column":18}},"7":{"start":{"line":28,"column":15},"end":{"line":34,"column":2}}},"fnMap":{"0":{"name":"(anonymous_0)","decl":{"start":{"line":6,"column":20},"end":{"line":6,"column":21}},"loc":{"start":{"line":6,"column":75},"end":{"line":26,"column":1}},"line":6},"1":{"name":"(anonymous_1)","decl":{"start":{"line":9,"column":30},"end":{"line":9,"column":31}},"loc":{"start":{"line":9,"column":42},"end":{"line":12,"column":5}},"line":9},"2":{"name":"(anonymous_2)","decl":{"start":{"line":16,"column":25},"end":{"line":16,"column":26}},"loc":{"start":{"line":17,"column":16},"end":{"line":22,"column":18}},"line":17}},"branchMap":{},"s":{"0":7,"1":4,"2":4,"3":3,"4":3,"5":4,"6":18,"7":7},"f":{"0":4,"1":3,"2":18},"b":{},"_coverageSchema":"1a1c01bbd47fc00a2c39e90264f33305004495a9","hash":"41995520d9fbb1db7fb086629cdba130097adfc2"}
,"/Users/marijoyapa/Documents/GitHub/react-contact-list/contact/src/components/common/RadioElement.js": {"path":"/Users/marijoyapa/Documents/GitHub/react-contact-list/contact/src/components/common/RadioElement.js","statementMap":{"0":{"start":{"line":7,"column":21},"end":{"line":34,"column":1}},"1":{"start":{"line":10,"column":30},"end":{"line":12,"column":5}},"2":{"start":{"line":11,"column":8},"end":{"line":11,"column":24}},"3":{"start":{"line":15,"column":28},"end":{"line":23,"column":5}},"4":{"start":{"line":16,"column":8},"end":{"line":22,"column":10}},"5":{"start":{"line":25,"column":4},"end":{"line":33,"column":6}},"6":{"start":{"line":28,"column":27},"end":{"line":28,"column":51}},"7":{"start":{"line":36,"column":15},"end":{"line":49,"column":2}}},"fnMap":{"0":{"name":"(anonymous_0)","decl":{"start":{"line":7,"column":21},"end":{"line":7,"column":22}},"loc":{"start":{"line":7,"column":62},"end":{"line":34,"column":1}},"line":7},"1":{"name":"(anonymous_1)","decl":{"start":{"line":10,"column":30},"end":{"line":10,"column":31}},"loc":{"start":{"line":10,"column":42},"end":{"line":12,"column":5}},"line":10},"2":{"name":"(anonymous_2)","decl":{"start":{"line":15,"column":28},"end":{"line":15,"column":29}},"loc":{"start":{"line":15,"column":40},"end":{"line":23,"column":5}},"line":15},"3":{"name":"(anonymous_3)","decl":{"start":{"line":28,"column":21},"end":{"line":28,"column":22}},"loc":{"start":{"line":28,"column":27},"end":{"line":28,"column":51}},"line":28}},"branchMap":{"0":{"loc":{"start":{"line":18,"column":22},"end":{"line":18,"column":77}},"type":"cond-expr","locations":[{"start":{"line":18,"column":50},"end":{"line":18,"column":64}},{"start":{"line":18,"column":67},"end":{"line":18,"column":77}}],"line":18}},"s":{"0":7,"1":18,"2":3,"3":18,"4":18,"5":18,"6":3,"7":7},"f":{"0":18,"1":3,"2":18,"3":3},"b":{"0":[4,14]},"_coverageSchema":"1a1c01bbd47fc00a2c39e90264f33305004495a9","hash":"c8f005e1022e43265f41b30bda35ddb0d97f6d57"}
,"/Users/marijoyapa/Documents/GitHub/react-contact-list/contact/src/components/common/SnackbarError.js": {"path":"/Users/marijoyapa/Documents/GitHub/react-contact-list/contact/src/components/common/SnackbarError.js","statementMap":{"0":{"start":{"line":9,"column":22},"end":{"line":41,"column":1}},"1":{"start":{"line":10,"column":50},"end":{"line":10,"column":65}},"2":{"start":{"line":11,"column":23},"end":{"line":11,"column":33}},"3":{"start":{"line":14,"column":4},"end":{"line":18,"column":22}},"4":{"start":{"line":15,"column":8},"end":{"line":17,"column":9}},"5":{"start":{"line":16,"column":12},"end":{"line":16,"column":37}},"6":{"start":{"line":21,"column":30},"end":{"line":24,"column":5}},"7":{"start":{"line":22,"column":8},"end":{"line":22,"column":34}},"8":{"start":{"line":23,"column":8},"end":{"line":23,"column":31}},"9":{"start":{"line":26,"column":4},"end":{"line":40,"column":6}},"10":{"start":{"line":35,"column":25},"end":{"line":35,"column":93}},"11":{"start":{"line":43,"column":0},"end":{"line":47,"column":1}},"12":{"start":{"line":44,"column":4},"end":{"line":46,"column":5}}},"fnMap":{"0":{"name":"(anonymous_0)","decl":{"start":{"line":9,"column":22},"end":{"line":9,"column":23}},"loc":{"start":{"line":9,"column":33},"end":{"line":41,"column":1}},"line":9},"1":{"name":"(anonymous_1)","decl":{"start":{"line":14,"column":14},"end":{"line":14,"column":15}},"loc":{"start":{"line":14,"column":20},"end":{"line":18,"column":5}},"line":14},"2":{"name":"(anonymous_2)","decl":{"start":{"line":21,"column":30},"end":{"line":21,"column":31}},"loc":{"start":{"line":21,"column":36},"end":{"line":24,"column":5}},"line":21},"3":{"name":"(anonymous_3)","decl":{"start":{"line":35,"column":19},"end":{"line":35,"column":20}},"loc":{"start":{"line":35,"column":25},"end":{"line":35,"column":93}},"line":35},"4":{"name":"(anonymous_4)","decl":{"start":{"line":43,"column":18},"end":{"line":43,"column":19}},"loc":{"start":{"line":43,"column":29},"end":{"line":47,"column":1}},"line":43}},"branchMap":{"0":{"loc":{"start":{"line":15,"column":8},"end":{"line":17,"column":9}},"type":"if","locations":[{"start":{"line":15,"column":8},"end":{"line":17,"column":9}},{"start":{},"end":{}}],"line":15}},"s":{"0":7,"1":44,"2":44,"3":44,"4":43,"5":1,"6":44,"7":0,"8":0,"9":44,"10":1,"11":7,"12":62},"f":{"0":44,"1":43,"2":0,"3":1,"4":62},"b":{"0":[1,42]},"_coverageSchema":"1a1c01bbd47fc00a2c39e90264f33305004495a9","hash":"a99c0d1e245bb929d38c9ed590ebe2eeec9ae46d"}
,"/Users/marijoyapa/Documents/GitHub/react-contact-list/contact/src/components/common/Spacer.js": {"path":"/Users/marijoyapa/Documents/GitHub/react-contact-list/contact/src/components/common/Spacer.js","statementMap":{"0":{"start":{"line":5,"column":15},"end":{"line":11,"column":1}},"1":{"start":{"line":6,"column":4},"end":{"line":10,"column":5}}},"fnMap":{"0":{"name":"(anonymous_0)","decl":{"start":{"line":5,"column":15},"end":{"line":5,"column":16}},"loc":{"start":{"line":5,"column":30},"end":{"line":11,"column":1}},"line":5}},"branchMap":{},"s":{"0":7,"1":51},"f":{"0":51},"b":{},"_coverageSchema":"1a1c01bbd47fc00a2c39e90264f33305004495a9","hash":"ab99b87f20751ceef8e4d06cdb4e4220ec8c55fd"}
,"/Users/marijoyapa/Documents/GitHub/react-contact-list/contact/src/components/common/Textbox.js": {"path":"/Users/marijoyapa/Documents/GitHub/react-contact-list/contact/src/components/common/Textbox.js","statementMap":{"0":{"start":{"line":5,"column":16},"end":{"line":18,"column":1}},"1":{"start":{"line":6,"column":21},"end":{"line":6,"column":31}},"2":{"start":{"line":7,"column":4},"end":{"line":17,"column":5}},"3":{"start":{"line":20,"column":15},"end":{"line":34,"column":2}}},"fnMap":{"0":{"name":"(anonymous_0)","decl":{"start":{"line":5,"column":16},"end":{"line":5,"column":17}},"loc":{"start":{"line":5,"column":76},"end":{"line":18,"column":1}},"line":5}},"branchMap":{},"s":{"0":7,"1":108,"2":108,"3":7},"f":{"0":108},"b":{},"_coverageSchema":"1a1c01bbd47fc00a2c39e90264f33305004495a9","hash":"724fc1c44e70049eb49892da9b07974112f16948"}
,"/Users/marijoyapa/Documents/GitHub/react-contact-list/contact/src/components/contactDetailsPage/ContactIcons.js": {"path":"/Users/marijoyapa/Documents/GitHub/react-contact-list/contact/src/components/contactDetailsPage/ContactIcons.js","statementMap":{"0":{"start":{"line":9,"column":21},"end":{"line":87,"column":1}},"1":{"start":{"line":10,"column":44},"end":{"line":10,"column":59}},"2":{"start":{"line":11,"column":23},"end":{"line":11,"column":33}},"3":{"start":{"line":13,"column":19},"end":{"line":13,"column":46}},"4":{"start":{"line":13,"column":36},"end":{"line":13,"column":45}},"5":{"start":{"line":15,"column":28},"end":{"line":23,"column":5}},"6":{"start":{"line":17,"column":8},"end":{"line":22,"column":9}},"7":{"start":{"line":18,"column":12},"end":{"line":18,"column":33}},"8":{"start":{"line":21,"column":12},"end":{"line":21,"column":29}},"9":{"start":{"line":25,"column":29},"end":{"line":28,"column":5}},"10":{"start":{"line":26,"column":8},"end":{"line":26,"column":31}},"11":{"start":{"line":27,"column":8},"end":{"line":27,"column":22}},"12":{"start":{"line":29,"column":19},"end":{"line":40,"column":5}},"13":{"start":{"line":30,"column":25},"end":{"line":30,"column":39}},"14":{"start":{"line":31,"column":8},"end":{"line":39,"column":9}},"15":{"start":{"line":32,"column":12},"end":{"line":32,"column":44}},"16":{"start":{"line":37,"column":12},"end":{"line":37,"column":48}},"17":{"start":{"line":43,"column":4},"end":{"line":86,"column":5}},"18":{"start":{"line":81,"column":89},"end":{"line":81,"column":119}},"19":{"start":{"line":81,"column":120},"end":{"line":81,"column":142}},"20":{"start":{"line":89,"column":15},"end":{"line":127,"column":2}}},"fnMap":{"0":{"name":"(anonymous_0)","decl":{"start":{"line":9,"column":21},"end":{"line":9,"column":22}},"loc":{"start":{"line":9,"column":45},"end":{"line":87,"column":1}},"line":9},"1":{"name":"(anonymous_1)","decl":{"start":{"line":13,"column":29},"end":{"line":13,"column":30}},"loc":{"start":{"line":13,"column":36},"end":{"line":13,"column":45}},"line":13},"2":{"name":"(anonymous_2)","decl":{"start":{"line":15,"column":28},"end":{"line":15,"column":29}},"loc":{"start":{"line":15,"column":34},"end":{"line":23,"column":5}},"line":15},"3":{"name":"(anonymous_3)","decl":{"start":{"line":25,"column":29},"end":{"line":25,"column":30}},"loc":{"start":{"line":25,"column":40},"end":{"line":28,"column":5}},"line":25},"4":{"name":"(anonymous_4)","decl":{"start":{"line":29,"column":19},"end":{"line":29,"column":20}},"loc":{"start":{"line":29,"column":36},"end":{"line":40,"column":5}},"line":29},"5":{"name":"(anonymous_5)","decl":{"start":{"line":81,"column":81},"end":{"line":81,"column":82}},"loc":{"start":{"line":81,"column":87},"end":{"line":81,"column":144}},"line":81}},"branchMap":{"0":{"loc":{"start":{"line":17,"column":8},"end":{"line":22,"column":9}},"type":"if","locations":[{"start":{"line":17,"column":8},"end":{"line":22,"column":9}},{"start":{"line":20,"column":13},"end":{"line":22,"column":9}}],"line":17}},"s":{"0":3,"1":11,"2":11,"3":11,"4":16,"5":11,"6":4,"7":2,"8":2,"9":11,"10":1,"11":1,"12":11,"13":3,"14":3,"15":3,"16":1,"17":11,"18":0,"19":0,"20":3},"f":{"0":11,"1":16,"2":4,"3":1,"4":3,"5":0},"b":{"0":[2,2]},"_coverageSchema":"1a1c01bbd47fc00a2c39e90264f33305004495a9","hash":"5e259cda5f3438bc12c21f2e408ee8d317e09ee4"}
,"/Users/marijoyapa/Documents/GitHub/react-contact-list/contact/src/components/contactDetailsPage/NotesDetails.js": {"path":"/Users/marijoyapa/Documents/GitHub/react-contact-list/contact/src/components/contactDetailsPage/NotesDetails.js","statementMap":{"0":{"start":{"line":4,"column":21},"end":{"line":14,"column":1}},"1":{"start":{"line":6,"column":21},"end":{"line":6,"column":31}},"2":{"start":{"line":8,"column":4},"end":{"line":13,"column":5}},"3":{"start":{"line":16,"column":15},"end":{"line":35,"column":2}}},"fnMap":{"0":{"name":"(anonymous_0)","decl":{"start":{"line":4,"column":21},"end":{"line":4,"column":22}},"loc":{"start":{"line":4,"column":36},"end":{"line":14,"column":1}},"line":4}},"branchMap":{},"s":{"0":3,"1":7,"2":7,"3":3},"f":{"0":7},"b":{},"_coverageSchema":"1a1c01bbd47fc00a2c39e90264f33305004495a9","hash":"c57f608eb884815ef62b84225d90715b2724aa6f"}
,"/Users/marijoyapa/Documents/GitHub/react-contact-list/contact/src/components/contactDetailsPage/PhoneNumbers.js": {"path":"/Users/marijoyapa/Documents/GitHub/react-contact-list/contact/src/components/contactDetailsPage/PhoneNumbers.js","statementMap":{"0":{"start":{"line":5,"column":21},"end":{"line":13,"column":1}},"1":{"start":{"line":6,"column":23},"end":{"line":6,"column":33}},"2":{"start":{"line":7,"column":4},"end":{"line":12,"column":5}},"3":{"start":{"line":15,"column":15},"end":{"line":30,"column":2}}},"fnMap":{"0":{"name":"(anonymous_0)","decl":{"start":{"line":5,"column":21},"end":{"line":5,"column":22}},"loc":{"start":{"line":5,"column":43},"end":{"line":13,"column":1}},"line":5}},"branchMap":{"0":{"loc":{"start":{"line":8,"column":89},"end":{"line":8,"column":105}},"type":"cond-expr","locations":[{"start":{"line":8,"column":98},"end":{"line":8,"column":99}},{"start":{"line":8,"column":102},"end":{"line":8,"column":105}}],"line":8}},"s":{"0":3,"1":9,"2":9,"3":3},"f":{"0":9},"b":{"0":[7,2]},"_coverageSchema":"1a1c01bbd47fc00a2c39e90264f33305004495a9","hash":"bef857705c533b487332524cdfd4368fd88c2b25"}
,"/Users/marijoyapa/Documents/GitHub/react-contact-list/contact/src/components/contactListPage/AddButton.js": {"path":"/Users/marijoyapa/Documents/GitHub/react-contact-list/contact/src/components/contactListPage/AddButton.js","statementMap":{"0":{"start":{"line":6,"column":18},"end":{"line":16,"column":1}},"1":{"start":{"line":7,"column":21},"end":{"line":7,"column":31}},"2":{"start":{"line":8,"column":4},"end":{"line":15,"column":5}},"3":{"start":{"line":18,"column":15},"end":{"line":33,"column":2}}},"fnMap":{"0":{"name":"(anonymous_0)","decl":{"start":{"line":6,"column":18},"end":{"line":6,"column":19}},"loc":{"start":{"line":6,"column":35},"end":{"line":16,"column":1}},"line":6}},"branchMap":{},"s":{"0":7,"1":33,"2":33,"3":7},"f":{"0":33},"b":{},"_coverageSchema":"1a1c01bbd47fc00a2c39e90264f33305004495a9","hash":"008c46de529e10d978cb9c1f9ff53888f43e81cb"}
,"/Users/marijoyapa/Documents/GitHub/react-contact-list/contact/src/components/contactListPage/ContactItem.js": {"path":"/Users/marijoyapa/Documents/GitHub/react-contact-list/contact/src/components/contactListPage/ContactItem.js","statementMap":{"0":{"start":{"line":9,"column":20},"end":{"line":59,"column":1}},"1":{"start":{"line":10,"column":21},"end":{"line":10,"column":31}},"2":{"start":{"line":12,"column":17},"end":{"line":12,"column":80}},"3":{"start":{"line":12,"column":51},"end":{"line":12,"column":79}},"4":{"start":{"line":13,"column":23},"end":{"line":13,"column":38}},"5":{"start":{"line":14,"column":21},"end":{"line":14,"column":72}},"6":{"start":{"line":16,"column":26},"end":{"line":18,"column":5}},"7":{"start":{"line":17,"column":8},"end":{"line":17,"column":36}},"8":{"start":{"line":20,"column":35},"end":{"line":22,"column":5}},"9":{"start":{"line":21,"column":8},"end":{"line":21,"column":69}},"10":{"start":{"line":24,"column":31},"end":{"line":26,"column":5}},"11":{"start":{"line":25,"column":8},"end":{"line":25,"column":63}},"12":{"start":{"line":28,"column":32},"end":{"line":39,"column":5}},"13":{"start":{"line":29,"column":8},"end":{"line":29,"column":45}},"14":{"start":{"line":30,"column":8},"end":{"line":38,"column":9}},"15":{"start":{"line":42,"column":4},"end":{"line":58,"column":5}},"16":{"start":{"line":61,"column":15},"end":{"line":100,"column":2}},"17":{"start":{"line":103,"column":24},"end":{"line":108,"column":1}},"18":{"start":{"line":104,"column":4},"end":{"line":107,"column":5}}},"fnMap":{"0":{"name":"(anonymous_0)","decl":{"start":{"line":9,"column":20},"end":{"line":9,"column":21}},"loc":{"start":{"line":9,"column":31},"end":{"line":59,"column":1}},"line":9},"1":{"name":"(anonymous_1)","decl":{"start":{"line":12,"column":40},"end":{"line":12,"column":41}},"loc":{"start":{"line":12,"column":51},"end":{"line":12,"column":79}},"line":12},"2":{"name":"(anonymous_2)","decl":{"start":{"line":16,"column":26},"end":{"line":16,"column":27}},"loc":{"start":{"line":16,"column":32},"end":{"line":18,"column":5}},"line":16},"3":{"name":"(anonymous_3)","decl":{"start":{"line":20,"column":35},"end":{"line":20,"column":36}},"loc":{"start":{"line":20,"column":41},"end":{"line":22,"column":5}},"line":20},"4":{"name":"(anonymous_4)","decl":{"start":{"line":24,"column":31},"end":{"line":24,"column":32}},"loc":{"start":{"line":24,"column":37},"end":{"line":26,"column":5}},"line":24},"5":{"name":"(anonymous_5)","decl":{"start":{"line":28,"column":32},"end":{"line":28,"column":33}},"loc":{"start":{"line":28,"column":38},"end":{"line":39,"column":5}},"line":28},"6":{"name":"(anonymous_6)","decl":{"start":{"line":103,"column":24},"end":{"line":103,"column":25}},"loc":{"start":{"line":103,"column":45},"end":{"line":108,"column":1}},"line":103}},"branchMap":{"0":{"loc":{"start":{"line":32,"column":17},"end":{"line":36,"column":17}},"type":"cond-expr","locations":[{"start":{"line":33,"column":20},"end":{"line":33,"column":117}},{"start":{"line":35,"column":20},"end":{"line":35,"column":160}}],"line":32}},"s":{"0":7,"1":10,"2":10,"3":10,"4":10,"5":10,"6":10,"7":2,"8":10,"9":2,"10":10,"11":2,"12":10,"13":10,"14":10,"15":10,"16":7,"17":7,"18":10},"f":{"0":10,"1":10,"2":2,"3":2,"4":2,"5":10,"6":10},"b":{"0":[6,4]},"_coverageSchema":"1a1c01bbd47fc00a2c39e90264f33305004495a9","hash":"8c445990f97c80d01e8e8f39b26edefbe14af8ba"}
,"/Users/marijoyapa/Documents/GitHub/react-contact-list/contact/src/components/contactListPage/ErrorMessage.js": {"path":"/Users/marijoyapa/Documents/GitHub/react-contact-list/contact/src/components/contactListPage/ErrorMessage.js","statementMap":{"0":{"start":{"line":4,"column":21},"end":{"line":11,"column":1}},"1":{"start":{"line":5,"column":4},"end":{"line":10,"column":5}},"2":{"start":{"line":13,"column":15},"end":{"line":32,"column":2}}},"fnMap":{"0":{"name":"(anonymous_0)","decl":{"start":{"line":4,"column":21},"end":{"line":4,"column":22}},"loc":{"start":{"line":4,"column":36},"end":{"line":11,"column":1}},"line":4}},"branchMap":{},"s":{"0":9,"1":2,"2":9},"f":{"0":2},"b":{},"_coverageSchema":"1a1c01bbd47fc00a2c39e90264f33305004495a9","hash":"30be6972495c18fa391463e6fac635dcc50c2a08"}
,"/Users/marijoyapa/Documents/GitHub/react-contact-list/contact/src/components/contactListPage/NoContactsMessage.js": {"path":"/Users/marijoyapa/Documents/GitHub/react-contact-list/contact/src/components/contactListPage/NoContactsMessage.js","statementMap":{"0":{"start":{"line":5,"column":26},"end":{"line":13,"column":1}},"1":{"start":{"line":6,"column":4},"end":{"line":12,"column":5}},"2":{"start":{"line":15,"column":15},"end":{"line":38,"column":2}}},"fnMap":{"0":{"name":"(anonymous_0)","decl":{"start":{"line":5,"column":26},"end":{"line":5,"column":27}},"loc":{"start":{"line":5,"column":47},"end":{"line":13,"column":1}},"line":5}},"branchMap":{},"s":{"0":7,"1":2,"2":7},"f":{"0":2},"b":{},"_coverageSchema":"1a1c01bbd47fc00a2c39e90264f33305004495a9","hash":"5fc82c2bd42d28b6d5324f42600ecddb0ce1eb58"}
,"/Users/marijoyapa/Documents/GitHub/react-contact-list/contact/src/components/contactListPage/NoSearchResult.js": {"path":"/Users/marijoyapa/Documents/GitHub/react-contact-list/contact/src/components/contactListPage/NoSearchResult.js","statementMap":{"0":{"start":{"line":5,"column":23},"end":{"line":13,"column":1}},"1":{"start":{"line":6,"column":4},"end":{"line":12,"column":5}},"2":{"start":{"line":15,"column":15},"end":{"line":38,"column":2}}},"fnMap":{"0":{"name":"(anonymous_0)","decl":{"start":{"line":5,"column":23},"end":{"line":5,"column":24}},"loc":{"start":{"line":5,"column":46},"end":{"line":13,"column":1}},"line":5}},"branchMap":{},"s":{"0":7,"1":2,"2":7},"f":{"0":2},"b":{},"_coverageSchema":"1a1c01bbd47fc00a2c39e90264f33305004495a9","hash":"11397f956f2814bddc4a867b89b5eff64cdb6c85"}
,"/Users/marijoyapa/Documents/GitHub/react-contact-list/contact/src/components/contactListPage/SearchBar.js": {"path":"/Users/marijoyapa/Documents/GitHub/react-contact-list/contact/src/components/contactListPage/SearchBar.js","statementMap":{"0":{"start":{"line":8,"column":18},"end":{"line":39,"column":1}},"1":{"start":{"line":9,"column":23},"end":{"line":9,"column":33}},"2":{"start":{"line":11,"column":26},"end":{"line":13,"column":5}},"3":{"start":{"line":12,"column":8},"end":{"line":12,"column":34}},"4":{"start":{"line":15,"column":32},"end":{"line":17,"column":5}},"5":{"start":{"line":16,"column":8},"end":{"line":16,"column":31}},"6":{"start":{"line":19,"column":4},"end":{"line":38,"column":5}},"7":{"start":{"line":41,"column":15},"end":{"line":68,"column":2}},"8":{"start":{"line":71,"column":24},"end":{"line":73,"column":1}},"9":{"start":{"line":72,"column":4},"end":{"line":72,"column":49}}},"fnMap":{"0":{"name":"(anonymous_0)","decl":{"start":{"line":8,"column":18},"end":{"line":8,"column":19}},"loc":{"start":{"line":8,"column":29},"end":{"line":39,"column":1}},"line":8},"1":{"name":"(anonymous_1)","decl":{"start":{"line":11,"column":26},"end":{"line":11,"column":27}},"loc":{"start":{"line":11,"column":37},"end":{"line":13,"column":5}},"line":11},"2":{"name":"(anonymous_2)","decl":{"start":{"line":15,"column":32},"end":{"line":15,"column":33}},"loc":{"start":{"line":15,"column":38},"end":{"line":17,"column":5}},"line":15},"3":{"name":"(anonymous_3)","decl":{"start":{"line":71,"column":24},"end":{"line":71,"column":25}},"loc":{"start":{"line":71,"column":35},"end":{"line":73,"column":1}},"line":71}},"branchMap":{"0":{"loc":{"start":{"line":33,"column":13},"end":{"line":35,"column":38}},"type":"cond-expr","locations":[{"start":{"line":33,"column":35},"end":{"line":35,"column":31}},{"start":{"line":35,"column":34},"end":{"line":35,"column":38}}],"line":33}},"s":{"0":7,"1":34,"2":34,"3":1,"4":34,"5":1,"6":34,"7":7,"8":7,"9":46},"f":{"0":34,"1":1,"2":1,"3":46},"b":{"0":[6,28]},"_coverageSchema":"1a1c01bbd47fc00a2c39e90264f33305004495a9","hash":"b98e9a19154784a4b996294a34edc5a57ee9d0dd"}
,"/Users/marijoyapa/Documents/GitHub/react-contact-list/contact/src/components/createContactPage/AddEmergencyButton.js": {"path":"/Users/marijoyapa/Documents/GitHub/react-contact-list/contact/src/components/createContactPage/AddEmergencyButton.js","statementMap":{"0":{"start":{"line":5,"column":27},"end":{"line":16,"column":1}},"1":{"start":{"line":6,"column":21},"end":{"line":6,"column":31}},"2":{"start":{"line":7,"column":17},"end":{"line":7,"column":93}},"3":{"start":{"line":8,"column":4},"end":{"line":15,"column":5}},"4":{"start":{"line":18,"column":15},"end":{"line":29,"column":2}}},"fnMap":{"0":{"name":"(anonymous_0)","decl":{"start":{"line":5,"column":27},"end":{"line":5,"column":28}},"loc":{"start":{"line":5,"column":57},"end":{"line":16,"column":1}},"line":5}},"branchMap":{"0":{"loc":{"start":{"line":7,"column":17},"end":{"line":7,"column":93}},"type":"cond-expr","locations":[{"start":{"line":7,"column":31},"end":{"line":7,"column":63}},{"start":{"line":7,"column":66},"end":{"line":7,"column":93}}],"line":7},"1":{"loc":{"start":{"line":11,"column":30},"end":{"line":11,"column":83}},"type":"cond-expr","locations":[{"start":{"line":11,"column":44},"end":{"line":11,"column":64}},{"start":{"line":11,"column":67},"end":{"line":11,"column":83}}],"line":11}},"s":{"0":7,"1":40,"2":40,"3":40,"4":7},"f":{"0":40},"b":{"0":[5,35],"1":[5,35]},"_coverageSchema":"1a1c01bbd47fc00a2c39e90264f33305004495a9","hash":"4f8f732292de22046104a5aab7c91a9e42a1ffdf"}
,"/Users/marijoyapa/Documents/GitHub/react-contact-list/contact/src/components/createContactPage/AddImage.js": {"path":"/Users/marijoyapa/Documents/GitHub/react-contact-list/contact/src/components/createContactPage/AddImage.js","statementMap":{"0":{"start":{"line":5,"column":17},"end":{"line":35,"column":1}},"1":{"start":{"line":6,"column":21},"end":{"line":6,"column":31}},"2":{"start":{"line":7,"column":31},"end":{"line":23,"column":5}},"3":{"start":{"line":8,"column":8},"end":{"line":21,"column":9}},"4":{"start":{"line":9,"column":12},"end":{"line":9,"column":49}},"5":{"start":{"line":10,"column":25},"end":{"line":13,"column":14}},"6":{"start":{"line":15,"column":12},"end":{"line":17,"column":13}},"7":{"start":{"line":16,"column":16},"end":{"line":16,"column":50}},"8":{"start":{"line":19,"column":12},"end":{"line":19,"column":39}},"9":{"start":{"line":20,"column":12},"end":{"line":20,"column":43}},"10":{"start":{"line":25,"column":4},"end":{"line":34,"column":5}},"11":{"start":{"line":37,"column":15},"end":{"line":50,"column":2}}},"fnMap":{"0":{"name":"(anonymous_0)","decl":{"start":{"line":5,"column":17},"end":{"line":5,"column":18}},"loc":{"start":{"line":5,"column":57},"end":{"line":35,"column":1}},"line":5},"1":{"name":"(anonymous_1)","decl":{"start":{"line":7,"column":31},"end":{"line":7,"column":32}},"loc":{"start":{"line":7,"column":43},"end":{"line":23,"column":5}},"line":7}},"branchMap":{"0":{"loc":{"start":{"line":15,"column":12},"end":{"line":17,"column":13}},"type":"if","locations":[{"start":{"line":15,"column":12},"end":{"line":17,"column":13}},{"start":{},"end":{}}],"line":15},"1":{"loc":{"start":{"line":30,"column":53},"end":{"line":30,"column":92}},"type":"cond-expr","locations":[{"start":{"line":30,"column":64},"end":{"line":30,"column":78}},{"start":{"line":30,"column":81},"end":{"line":30,"column":92}}],"line":30}},"s":{"0":7,"1":33,"2":33,"3":6,"4":6,"5":6,"6":4,"7":2,"8":2,"9":2,"10":33,"11":7},"f":{"0":33,"1":6},"b":{"0":[2,2],"1":[3,30]},"_coverageSchema":"1a1c01bbd47fc00a2c39e90264f33305004495a9","hash":"8faab1b02beb440331ec060bdfd0cc7e933c3ae6"}
,"/Users/marijoyapa/Documents/GitHub/react-contact-list/contact/src/components/createContactPage/ContactForm.js": {"path":"/Users/marijoyapa/Documents/GitHub/react-contact-list/contact/src/components/createContactPage/ContactForm.js","statementMap":{"0":{"start":{"line":14,"column":20},"end":{"line":99,"column":1}},"1":{"start":{"line":17,"column":30},"end":{"line":32,"column":5}},"2":{"start":{"line":18,"column":29},"end":{"line":18,"column":31}},"3":{"start":{"line":19,"column":8},"end":{"line":30,"column":9}},"4":{"start":{"line":19,"column":25},"end":{"line":19,"column":26}},"5":{"start":{"line":20,"column":12},"end":{"line":29,"column":13}},"6":{"start":{"line":31,"column":8},"end":{"line":31,"column":28}},"7":{"start":{"line":34,"column":30},"end":{"line":38,"column":5}},"8":{"start":{"line":35,"column":20},"end":{"line":35,"column":36}},"9":{"start":{"line":36,"column":8},"end":{"line":36,"column":56}},"10":{"start":{"line":37,"column":8},"end":{"line":37,"column":64}},"11":{"start":{"line":40,"column":32},"end":{"line":44,"column":5}},"12":{"start":{"line":41,"column":20},"end":{"line":41,"column":36}},"13":{"start":{"line":42,"column":8},"end":{"line":42,"column":57}},"14":{"start":{"line":43,"column":8},"end":{"line":43,"column":64}},"15":{"start":{"line":46,"column":28},"end":{"line":49,"column":5}},"16":{"start":{"line":47,"column":20},"end":{"line":47,"column":66}},"17":{"start":{"line":48,"column":8},"end":{"line":48,"column":64}},"18":{"start":{"line":51,"column":30},"end":{"line":54,"column":5}},"19":{"start":{"line":52,"column":23},"end":{"line":52,"column":69}},"20":{"start":{"line":53,"column":8},"end":{"line":53,"column":71}},"21":{"start":{"line":56,"column":29},"end":{"line":59,"column":5}},"22":{"start":{"line":57,"column":8},"end":{"line":57,"column":65}},"23":{"start":{"line":58,"column":8},"end":{"line":58,"column":70}},"24":{"start":{"line":61,"column":26},"end":{"line":63,"column":5}},"25":{"start":{"line":62,"column":8},"end":{"line":62,"column":57}},"26":{"start":{"line":65,"column":32},"end":{"line":67,"column":5}},"27":{"start":{"line":66,"column":8},"end":{"line":66,"column":93}},"28":{"start":{"line":69,"column":24},"end":{"line":71,"column":5}},"29":{"start":{"line":70,"column":8},"end":{"line":70,"column":57}},"30":{"start":{"line":74,"column":4},"end":{"line":98,"column":5}},"31":{"start":{"line":101,"column":15},"end":{"line":127,"column":2}},"32":{"start":{"line":129,"column":24},"end":{"line":141,"column":1}},"33":{"start":{"line":130,"column":84},"end":{"line":130,"column":101}},"34":{"start":{"line":131,"column":4},"end":{"line":140,"column":5}}},"fnMap":{"0":{"name":"(anonymous_0)","decl":{"start":{"line":14,"column":20},"end":{"line":14,"column":21}},"loc":{"start":{"line":14,"column":31},"end":{"line":99,"column":1}},"line":14},"1":{"name":"(anonymous_1)","decl":{"start":{"line":17,"column":30},"end":{"line":17,"column":31}},"loc":{"start":{"line":17,"column":36},"end":{"line":32,"column":5}},"line":17},"2":{"name":"(anonymous_2)","decl":{"start":{"line":34,"column":30},"end":{"line":34,"column":31}},"loc":{"start":{"line":34,"column":48},"end":{"line":38,"column":5}},"line":34},"3":{"name":"(anonymous_3)","decl":{"start":{"line":40,"column":32},"end":{"line":40,"column":33}},"loc":{"start":{"line":40,"column":50},"end":{"line":44,"column":5}},"line":40},"4":{"name":"(anonymous_4)","decl":{"start":{"line":46,"column":28},"end":{"line":46,"column":29}},"loc":{"start":{"line":46,"column":34},"end":{"line":49,"column":5}},"line":46},"5":{"name":"(anonymous_5)","decl":{"start":{"line":51,"column":30},"end":{"line":51,"column":31}},"loc":{"start":{"line":51,"column":41},"end":{"line":54,"column":5}},"line":51},"6":{"name":"(anonymous_6)","decl":{"start":{"line":56,"column":29},"end":{"line":56,"column":30}},"loc":{"start":{"line":56,"column":40},"end":{"line":59,"column":5}},"line":56},"7":{"name":"(anonymous_7)","decl":{"start":{"line":61,"column":26},"end":{"line":61,"column":27}},"loc":{"start":{"line":61,"column":37},"end":{"line":63,"column":5}},"line":61},"8":{"name":"(anonymous_8)","decl":{"start":{"line":65,"column":32},"end":{"line":65,"column":33}},"loc":{"start":{"line":65,"column":38},"end":{"line":67,"column":5}},"line":65},"9":{"name":"(anonymous_9)","decl":{"start":{"line":69,"column":24},"end":{"line":69,"column":25}},"loc":{"start":{"line":69,"column":35},"end":{"line":71,"column":5}},"line":69},"10":{"name":"(anonymous_10)","decl":{"start":{"line":129,"column":24},"end":{"line":129,"column":25}},"loc":{"start":{"line":129,"column":45},"end":{"line":141,"column":1}},"line":129}},"branchMap":{},"s":{"0":7,"1":33,"2":33,"3":33,"4":33,"5":36,"6":33,"7":33,"8":2,"9":2,"10":2,"11":33,"12":3,"13":3,"14":3,"15":33,"16":1,"17":1,"18":33,"19":1,"20":1,"21":33,"22":1,"23":1,"24":33,"25":1,"26":33,"27":1,"28":33,"29":2,"30":33,"31":7,"32":7,"33":38,"34":38},"f":{"0":33,"1":33,"2":2,"3":3,"4":1,"5":1,"6":1,"7":1,"8":1,"9":2,"10":38},"b":{},"_coverageSchema":"1a1c01bbd47fc00a2c39e90264f33305004495a9","hash":"87acacca3c5fc5ca22ee422ad600cdac831b0739"}
,"/Users/marijoyapa/Documents/GitHub/react-contact-list/contact/src/components/createContactPage/NotesInput.js": {"path":"/Users/marijoyapa/Documents/GitHub/react-contact-list/contact/src/components/createContactPage/NotesInput.js","statementMap":{"0":{"start":{"line":4,"column":19},"end":{"line":12,"column":1}},"1":{"start":{"line":5,"column":23},"end":{"line":5,"column":33}},"2":{"start":{"line":6,"column":4},"end":{"line":11,"column":5}},"3":{"start":{"line":14,"column":15},"end":{"line":30,"column":2}}},"fnMap":{"0":{"name":"(anonymous_0)","decl":{"start":{"line":4,"column":19},"end":{"line":4,"column":20}},"loc":{"start":{"line":4,"column":48},"end":{"line":12,"column":1}},"line":4}},"branchMap":{},"s":{"0":7,"1":33,"2":33,"3":7},"f":{"0":33},"b":{},"_coverageSchema":"1a1c01bbd47fc00a2c39e90264f33305004495a9","hash":"b78707ebe6acd1646007caebe8ced5b56d146679"}
,"/Users/marijoyapa/Documents/GitHub/react-contact-list/contact/src/components/createContactPage/NumberInput.js": {"path":"/Users/marijoyapa/Documents/GitHub/react-contact-list/contact/src/components/createContactPage/NumberInput.js","statementMap":{"0":{"start":{"line":8,"column":20},"end":{"line":53,"column":1}},"1":{"start":{"line":9,"column":44},"end":{"line":9,"column":59}},"2":{"start":{"line":10,"column":46},"end":{"line":10,"column":60}},"3":{"start":{"line":11,"column":23},"end":{"line":11,"column":33}},"4":{"start":{"line":12,"column":22},"end":{"line":14,"column":5}},"5":{"start":{"line":13,"column":8},"end":{"line":13,"column":30}},"6":{"start":{"line":16,"column":21},"end":{"line":16,"column":82}},"7":{"start":{"line":18,"column":30},"end":{"line":21,"column":5}},"8":{"start":{"line":19,"column":8},"end":{"line":19,"column":39}},"9":{"start":{"line":20,"column":8},"end":{"line":20,"column":31}},"10":{"start":{"line":23,"column":25},"end":{"line":27,"column":5}},"11":{"start":{"line":24,"column":30},"end":{"line":24,"column":79}},"12":{"start":{"line":25,"column":8},"end":{"line":25,"column":39}},"13":{"start":{"line":26,"column":8},"end":{"line":26,"column":36}},"14":{"start":{"line":28,"column":4},"end":{"line":52,"column":5}},"15":{"start":{"line":44,"column":99},"end":{"line":44,"column":121}},"16":{"start":{"line":55,"column":15},"end":{"line":103,"column":2}}},"fnMap":{"0":{"name":"(anonymous_0)","decl":{"start":{"line":8,"column":20},"end":{"line":8,"column":21}},"loc":{"start":{"line":8,"column":82},"end":{"line":53,"column":1}},"line":8},"1":{"name":"(anonymous_1)","decl":{"start":{"line":12,"column":22},"end":{"line":12,"column":23}},"loc":{"start":{"line":12,"column":28},"end":{"line":14,"column":5}},"line":12},"2":{"name":"(anonymous_2)","decl":{"start":{"line":18,"column":30},"end":{"line":18,"column":31}},"loc":{"start":{"line":18,"column":41},"end":{"line":21,"column":5}},"line":18},"3":{"name":"(anonymous_3)","decl":{"start":{"line":23,"column":25},"end":{"line":23,"column":26}},"loc":{"start":{"line":23,"column":36},"end":{"line":27,"column":5}},"line":23},"4":{"name":"(anonymous_4)","decl":{"start":{"line":44,"column":91},"end":{"line":44,"column":92}},"loc":{"start":{"line":44,"column":97},"end":{"line":44,"column":123}},"line":44}},"branchMap":{"0":{"loc":{"start":{"line":24,"column":30},"end":{"line":24,"column":79}},"type":"binary-expr","locations":[{"start":{"line":24,"column":30},"end":{"line":24,"column":56}},{"start":{"line":24,"column":60},"end":{"line":24,"column":79}}],"line":24},"1":{"loc":{"start":{"line":48,"column":13},"end":{"line":48,"column":116}},"type":"cond-expr","locations":[{"start":{"line":48,"column":29},"end":{"line":48,"column":33}},{"start":{"line":48,"column":36},"end":{"line":48,"column":116}}],"line":48}},"s":{"0":7,"1":42,"2":42,"3":42,"4":42,"5":2,"6":42,"7":42,"8":2,"9":2,"10":42,"11":3,"12":3,"13":3,"14":42,"15":0,"16":7},"f":{"0":42,"1":2,"2":2,"3":3,"4":0},"b":{"0":[3,2],"1":[40,2]},"_coverageSchema":"1a1c01bbd47fc00a2c39e90264f33305004495a9","hash":"5c91c72b001ab9544eca499dcf6b91bf6e271a99"}
,"/Users/marijoyapa/Documents/GitHub/react-contact-list/contact/src/navigation/MainStackNavigator.js": {"path":"/Users/marijoyapa/Documents/GitHub/react-contact-list/contact/src/navigation/MainStackNavigator.js","statementMap":{"0":{"start":{"line":9,"column":14},"end":{"line":9,"column":36}},"1":{"start":{"line":11,"column":27},"end":{"line":20,"column":1}},"2":{"start":{"line":12,"column":4},"end":{"line":19,"column":5}}},"fnMap":{"0":{"name":"(anonymous_0)","decl":{"start":{"line":11,"column":27},"end":{"line":11,"column":28}},"loc":{"start":{"line":11,"column":40},"end":{"line":20,"column":1}},"line":11}},"branchMap":{},"s":{"0":2,"1":2,"2":2},"f":{"0":2},"b":{},"_coverageSchema":"1a1c01bbd47fc00a2c39e90264f33305004495a9","hash":"620e1f1736fc95b8c98bc86334ebe55c85a91050"}
,"/Users/marijoyapa/Documents/GitHub/react-contact-list/contact/src/navigation/TabNavigator.js": {"path":"/Users/marijoyapa/Documents/GitHub/react-contact-list/contact/src/navigation/TabNavigator.js","statementMap":{"0":{"start":{"line":7,"column":12},"end":{"line":7,"column":38}},"1":{"start":{"line":9,"column":21},"end":{"line":16,"column":1}},"2":{"start":{"line":11,"column":23},"end":{"line":11,"column":33}},"3":{"start":{"line":12,"column":4},"end":{"line":15,"column":21}}},"fnMap":{"0":{"name":"(anonymous_0)","decl":{"start":{"line":9,"column":21},"end":{"line":9,"column":22}},"loc":{"start":{"line":9,"column":27},"end":{"line":16,"column":1}},"line":9}},"branchMap":{},"s":{"0":2,"1":2,"2":2,"3":2},"f":{"0":2},"b":{},"_coverageSchema":"1a1c01bbd47fc00a2c39e90264f33305004495a9","hash":"4a04861876592981e6e9a01fc2d89518df569680"}
,"/Users/marijoyapa/Documents/GitHub/react-contact-list/contact/src/navigation/navigationOptions.js": {"path":"/Users/marijoyapa/Documents/GitHub/react-contact-list/contact/src/navigation/navigationOptions.js","statementMap":{"0":{"start":{"line":4,"column":14},"end":{"line":4,"column":35}},"1":{"start":{"line":6,"column":35},"end":{"line":27,"column":2}},"2":{"start":{"line":6,"column":48},"end":{"line":27,"column":1}},"3":{"start":{"line":30,"column":4},"end":{"line":35,"column":5}},"4":{"start":{"line":31,"column":36},"end":{"line":34,"column":28}},"5":{"start":{"line":39,"column":4},"end":{"line":44,"column":5}},"6":{"start":{"line":40,"column":36},"end":{"line":43,"column":28}},"7":{"start":{"line":47,"column":38},"end":{"line":55,"column":1}},"8":{"start":{"line":48,"column":4},"end":{"line":54,"column":5}}},"fnMap":{"0":{"name":"(anonymous_0)","decl":{"start":{"line":6,"column":35},"end":{"line":6,"column":36}},"loc":{"start":{"line":6,"column":48},"end":{"line":27,"column":1}},"line":6},"1":{"name":"(anonymous_1)","decl":{"start":{"line":31,"column":20},"end":{"line":31,"column":21}},"loc":{"start":{"line":31,"column":36},"end":{"line":34,"column":28}},"line":31},"2":{"name":"(anonymous_2)","decl":{"start":{"line":40,"column":20},"end":{"line":40,"column":21}},"loc":{"start":{"line":40,"column":36},"end":{"line":43,"column":28}},"line":40},"3":{"name":"(anonymous_3)","decl":{"start":{"line":47,"column":38},"end":{"line":47,"column":39}},"loc":{"start":{"line":48,"column":4},"end":{"line":54,"column":5}},"line":48}},"branchMap":{"0":{"loc":{"start":{"line":19,"column":23},"end":{"line":19,"column":37}},"type":"cond-expr","locations":[{"start":{"line":19,"column":31},"end":{"line":19,"column":32}},{"start":{"line":19,"column":35},"end":{"line":19,"column":37}}],"line":19},"1":{"loc":{"start":{"line":23,"column":16},"end":{"line":23,"column":31}},"type":"cond-expr","locations":[{"start":{"line":23,"column":24},"end":{"line":23,"column":26}},{"start":{"line":23,"column":29},"end":{"line":23,"column":31}}],"line":23}},"s":{"0":7,"1":7,"2":2,"3":7,"4":4,"5":7,"6":4,"7":7,"8":49},"f":{"0":2,"1":4,"2":4,"3":49},"b":{"0":[2,0],"1":[2,0]},"_coverageSchema":"1a1c01bbd47fc00a2c39e90264f33305004495a9","hash":"d0da96d0c33af4e2d77c9977f39185d907513637"}
,"/Users/marijoyapa/Documents/GitHub/react-contact-list/contact/src/reducers/ContactFormReducer.js": {"path":"/Users/marijoyapa/Documents/GitHub/react-contact-list/contact/src/reducers/ContactFormReducer.js","statementMap":{"0":{"start":{"line":11,"column":22},"end":{"line":21,"column":1}},"1":{"start":{"line":24,"column":4},"end":{"line":39,"column":5}},"2":{"start":{"line":26,"column":12},"end":{"line":26,"column":76}},"3":{"start":{"line":28,"column":12},"end":{"line":28,"column":32}},"4":{"start":{"line":30,"column":12},"end":{"line":30,"column":68}},"5":{"start":{"line":32,"column":12},"end":{"line":32,"column":44}},"6":{"start":{"line":34,"column":12},"end":{"line":34,"column":56}},"7":{"start":{"line":36,"column":12},"end":{"line":36,"column":54}},"8":{"start":{"line":38,"column":12},"end":{"line":38,"column":25}}},"fnMap":{"0":{"name":"(anonymous_0)","decl":{"start":{"line":23,"column":15},"end":{"line":23,"column":16}},"loc":{"start":{"line":23,"column":50},"end":{"line":40,"column":1}},"line":23}},"branchMap":{"0":{"loc":{"start":{"line":23,"column":16},"end":{"line":23,"column":37}},"type":"default-arg","locations":[{"start":{"line":23,"column":24},"end":{"line":23,"column":37}}],"line":23},"1":{"loc":{"start":{"line":24,"column":4},"end":{"line":39,"column":5}},"type":"switch","locations":[{"start":{"line":25,"column":8},"end":{"line":26,"column":76}},{"start":{"line":27,"column":8},"end":{"line":28,"column":32}},{"start":{"line":29,"column":8},"end":{"line":30,"column":68}},{"start":{"line":31,"column":8},"end":{"line":32,"column":44}},{"start":{"line":33,"column":8},"end":{"line":34,"column":56}},{"start":{"line":35,"column":8},"end":{"line":36,"column":54}},{"start":{"line":37,"column":8},"end":{"line":38,"column":25}}],"line":24}},"s":{"0":9,"1":305,"2":14,"3":5,"4":10,"5":2,"6":14,"7":7,"8":253},"f":{"0":305},"b":{"0":[201],"1":[14,5,10,2,14,7,253]},"_coverageSchema":"1a1c01bbd47fc00a2c39e90264f33305004495a9","hash":"893f3e5588ceeb7986443b6177ac1c04369814b2"}
,"/Users/marijoyapa/Documents/GitHub/react-contact-list/contact/src/reducers/ContactListReducer.js": {"path":"/Users/marijoyapa/Documents/GitHub/react-contact-list/contact/src/reducers/ContactListReducer.js","statementMap":{"0":{"start":{"line":7,"column":22},"end":{"line":11,"column":1}},"1":{"start":{"line":14,"column":4},"end":{"line":23,"column":5}},"2":{"start":{"line":16,"column":12},"end":{"line":16,"column":75}},"3":{"start":{"line":18,"column":12},"end":{"line":18,"column":62}},"4":{"start":{"line":20,"column":12},"end":{"line":20,"column":106}},"5":{"start":{"line":22,"column":12},"end":{"line":22,"column":24}}},"fnMap":{"0":{"name":"(anonymous_0)","decl":{"start":{"line":13,"column":15},"end":{"line":13,"column":16}},"loc":{"start":{"line":13,"column":50},"end":{"line":24,"column":1}},"line":13}},"branchMap":{"0":{"loc":{"start":{"line":13,"column":16},"end":{"line":13,"column":37}},"type":"default-arg","locations":[{"start":{"line":13,"column":24},"end":{"line":13,"column":37}}],"line":13},"1":{"loc":{"start":{"line":14,"column":4},"end":{"line":23,"column":5}},"type":"switch","locations":[{"start":{"line":15,"column":8},"end":{"line":16,"column":75}},{"start":{"line":17,"column":8},"end":{"line":18,"column":62}},{"start":{"line":19,"column":8},"end":{"line":20,"column":106}},{"start":{"line":21,"column":8},"end":{"line":22,"column":24}}],"line":14}},"s":{"0":9,"1":235,"2":4,"3":14,"4":1,"5":216},"f":{"0":235},"b":{"0":[144],"1":[4,14,1,216]},"_coverageSchema":"1a1c01bbd47fc00a2c39e90264f33305004495a9","hash":"6219348ab16239326461b8c19902a03753ef87f7"}
,"/Users/marijoyapa/Documents/GitHub/react-contact-list/contact/src/reducers/SearchItemReducer.js": {"path":"/Users/marijoyapa/Documents/GitHub/react-contact-list/contact/src/reducers/SearchItemReducer.js","statementMap":{"0":{"start":{"line":6,"column":22},"end":{"line":6,"column":24}},"1":{"start":{"line":9,"column":4},"end":{"line":16,"column":5}},"2":{"start":{"line":11,"column":12},"end":{"line":11,"column":33}},"3":{"start":{"line":13,"column":12},"end":{"line":13,"column":32}},"4":{"start":{"line":15,"column":12},"end":{"line":15,"column":24}}},"fnMap":{"0":{"name":"(anonymous_0)","decl":{"start":{"line":8,"column":15},"end":{"line":8,"column":16}},"loc":{"start":{"line":8,"column":50},"end":{"line":17,"column":1}},"line":8}},"branchMap":{"0":{"loc":{"start":{"line":8,"column":16},"end":{"line":8,"column":37}},"type":"default-arg","locations":[{"start":{"line":8,"column":24},"end":{"line":8,"column":37}}],"line":8},"1":{"loc":{"start":{"line":9,"column":4},"end":{"line":16,"column":5}},"type":"switch","locations":[{"start":{"line":10,"column":8},"end":{"line":11,"column":33}},{"start":{"line":12,"column":8},"end":{"line":13,"column":32}},{"start":{"line":14,"column":8},"end":{"line":15,"column":24}}],"line":9}},"s":{"0":9,"1":216,"2":1,"3":1,"4":214},"f":{"0":216},"b":{"0":[131],"1":[1,1,214]},"_coverageSchema":"1a1c01bbd47fc00a2c39e90264f33305004495a9","hash":"da7572f897dfdbfde5b60b7b3e864c3456012f4e"}
,"/Users/marijoyapa/Documents/GitHub/react-contact-list/contact/src/reducers/index.js": {"path":"/Users/marijoyapa/Documents/GitHub/react-contact-list/contact/src/reducers/index.js","statementMap":{},"fnMap":{},"branchMap":{},"s":{},"f":{},"b":{},"_coverageSchema":"1a1c01bbd47fc00a2c39e90264f33305004495a9","hash":"c5766506cbdc7f06d577c3e473a6f4e922735707"}
,"/Users/marijoyapa/Documents/GitHub/react-contact-list/contact/src/screens/ContactDetailsScreen.js": {"path":"/Users/marijoyapa/Documents/GitHub/react-contact-list/contact/src/screens/ContactDetailsScreen.js","statementMap":{"0":{"start":{"line":14,"column":29},"end":{"line":85,"column":1}},"1":{"start":{"line":15,"column":21},"end":{"line":15,"column":31}},"2":{"start":{"line":17,"column":19},"end":{"line":17,"column":36}},"3":{"start":{"line":18,"column":17},"end":{"line":18,"column":69}},"4":{"start":{"line":18,"column":51},"end":{"line":18,"column":68}},"5":{"start":{"line":19,"column":23},"end":{"line":19,"column":38}},"6":{"start":{"line":21,"column":4},"end":{"line":28,"column":14}},"7":{"start":{"line":23,"column":8},"end":{"line":27,"column":10}},"8":{"start":{"line":31,"column":24},"end":{"line":38,"column":5}},"9":{"start":{"line":32,"column":8},"end":{"line":37,"column":27}},"10":{"start":{"line":34,"column":16},"end":{"line":34,"column":76}},"11":{"start":{"line":40,"column":32},"end":{"line":52,"column":5}},"12":{"start":{"line":41,"column":28},"end":{"line":41,"column":30}},"13":{"start":{"line":43,"column":8},"end":{"line":50,"column":9}},"14":{"start":{"line":43,"column":25},"end":{"line":43,"column":26}},"15":{"start":{"line":44,"column":25},"end":{"line":44,"column":56}},"16":{"start":{"line":45,"column":31},"end":{"line":45,"column":48}},"17":{"start":{"line":46,"column":12},"end":{"line":49,"column":31}},"18":{"start":{"line":51,"column":8},"end":{"line":51,"column":29}},"19":{"start":{"line":55,"column":24},"end":{"line":65,"column":5}},"20":{"start":{"line":56,"column":8},"end":{"line":64,"column":9}},"21":{"start":{"line":57,"column":12},"end":{"line":59,"column":90}},"22":{"start":{"line":61,"column":12},"end":{"line":63,"column":19}},"23":{"start":{"line":68,"column":35},"end":{"line":70,"column":5}},"24":{"start":{"line":69,"column":8},"end":{"line":69,"column":69}},"25":{"start":{"line":72,"column":4},"end":{"line":84,"column":5}},"26":{"start":{"line":87,"column":15},"end":{"line":127,"column":2}},"27":{"start":{"line":129,"column":0},"end":{"line":132,"column":1}},"28":{"start":{"line":134,"column":24},"end":{"line":139,"column":1}},"29":{"start":{"line":135,"column":4},"end":{"line":138,"column":5}}},"fnMap":{"0":{"name":"(anonymous_0)","decl":{"start":{"line":14,"column":29},"end":{"line":14,"column":30}},"loc":{"start":{"line":14,"column":40},"end":{"line":85,"column":1}},"line":14},"1":{"name":"(anonymous_1)","decl":{"start":{"line":18,"column":40},"end":{"line":18,"column":41}},"loc":{"start":{"line":18,"column":51},"end":{"line":18,"column":68}},"line":18},"2":{"name":"(anonymous_2)","decl":{"start":{"line":21,"column":14},"end":{"line":21,"column":15}},"loc":{"start":{"line":21,"column":20},"end":{"line":28,"column":5}},"line":21},"3":{"name":"(anonymous_3)","decl":{"start":{"line":31,"column":24},"end":{"line":31,"column":25}},"loc":{"start":{"line":32,"column":8},"end":{"line":37,"column":27}},"line":32},"4":{"name":"(anonymous_4)","decl":{"start":{"line":33,"column":21},"end":{"line":33,"column":22}},"loc":{"start":{"line":33,"column":27},"end":{"line":35,"column":13}},"line":33},"5":{"name":"(anonymous_5)","decl":{"start":{"line":40,"column":32},"end":{"line":40,"column":33}},"loc":{"start":{"line":40,"column":38},"end":{"line":52,"column":5}},"line":40},"6":{"name":"(anonymous_6)","decl":{"start":{"line":55,"column":24},"end":{"line":55,"column":25}},"loc":{"start":{"line":55,"column":30},"end":{"line":65,"column":5}},"line":55},"7":{"name":"(anonymous_7)","decl":{"start":{"line":68,"column":35},"end":{"line":68,"column":36}},"loc":{"start":{"line":68,"column":41},"end":{"line":70,"column":5}},"line":68},"8":{"name":"(anonymous_8)","decl":{"start":{"line":134,"column":24},"end":{"line":134,"column":25}},"loc":{"start":{"line":134,"column":35},"end":{"line":139,"column":1}},"line":134}},"branchMap":{"0":{"loc":{"start":{"line":56,"column":8},"end":{"line":64,"column":9}},"type":"if","locations":[{"start":{"line":56,"column":8},"end":{"line":64,"column":9}},{"start":{"line":60,"column":15},"end":{"line":64,"column":9}}],"line":56}},"s":{"0":3,"1":7,"2":7,"3":7,"4":7,"5":7,"6":7,"7":7,"8":7,"9":7,"10":1,"11":7,"12":7,"13":7,"14":7,"15":9,"16":9,"17":9,"18":7,"19":7,"20":7,"21":4,"22":3,"23":7,"24":1,"25":7,"26":3,"27":3,"28":3,"29":7},"f":{"0":7,"1":7,"2":7,"3":7,"4":1,"5":7,"6":7,"7":1,"8":7},"b":{"0":[4,3]},"_coverageSchema":"1a1c01bbd47fc00a2c39e90264f33305004495a9","hash":"9ba0e90d1a0f286f4b25ef9e34835270cb61dad9"}
,"/Users/marijoyapa/Documents/GitHub/react-contact-list/contact/src/screens/ContactListScreen.js": {"path":"/Users/marijoyapa/Documents/GitHub/react-contact-list/contact/src/screens/ContactListScreen.js","statementMap":{"0":{"start":{"line":17,"column":26},"end":{"line":73,"column":1}},"1":{"start":{"line":18,"column":23},"end":{"line":18,"column":33}},"2":{"start":{"line":19,"column":56},"end":{"line":19,"column":71}},"3":{"start":{"line":21,"column":4},"end":{"line":24,"column":10}},"4":{"start":{"line":22,"column":8},"end":{"line":22,"column":32}},"5":{"start":{"line":23,"column":8},"end":{"line":23,"column":29}},"6":{"start":{"line":26,"column":24},"end":{"line":53,"column":5}},"7":{"start":{"line":27,"column":8},"end":{"line":52,"column":9}},"8":{"start":{"line":28,"column":12},"end":{"line":31,"column":24}},"9":{"start":{"line":32,"column":15},"end":{"line":52,"column":9}},"10":{"start":{"line":33,"column":12},"end":{"line":34,"column":53}},"11":{"start":{"line":35,"column":15},"end":{"line":52,"column":9}},"12":{"start":{"line":36,"column":12},"end":{"line":38,"column":13}},"13":{"start":{"line":39,"column":15},"end":{"line":52,"column":9}},"14":{"start":{"line":40,"column":12},"end":{"line":41,"column":71}},"15":{"start":{"line":44,"column":12},"end":{"line":51,"column":13}},"16":{"start":{"line":48,"column":47},"end":{"line":48,"column":57}},"17":{"start":{"line":50,"column":24},"end":{"line":50,"column":51}},"18":{"start":{"line":55,"column":27},"end":{"line":57,"column":5}},"19":{"start":{"line":56,"column":8},"end":{"line":56,"column":36}},"20":{"start":{"line":59,"column":4},"end":{"line":72,"column":5}},"21":{"start":{"line":68,"column":117},"end":{"line":68,"column":144}},"22":{"start":{"line":75,"column":15},"end":{"line":81,"column":2}},"23":{"start":{"line":83,"column":0},"end":{"line":85,"column":1}},"24":{"start":{"line":87,"column":24},"end":{"line":100,"column":1}},"25":{"start":{"line":88,"column":25},"end":{"line":92,"column":6}},"26":{"start":{"line":89,"column":25},"end":{"line":89,"column":89}},"27":{"start":{"line":90,"column":8},"end":{"line":91,"column":9}},"28":{"start":{"line":94,"column":4},"end":{"line":99,"column":5}}},"fnMap":{"0":{"name":"(anonymous_0)","decl":{"start":{"line":17,"column":26},"end":{"line":17,"column":27}},"loc":{"start":{"line":17,"column":37},"end":{"line":73,"column":1}},"line":17},"1":{"name":"(anonymous_1)","decl":{"start":{"line":21,"column":14},"end":{"line":21,"column":15}},"loc":{"start":{"line":21,"column":20},"end":{"line":24,"column":5}},"line":21},"2":{"name":"(anonymous_2)","decl":{"start":{"line":26,"column":24},"end":{"line":26,"column":25}},"loc":{"start":{"line":26,"column":30},"end":{"line":53,"column":5}},"line":26},"3":{"name":"(anonymous_3)","decl":{"start":{"line":48,"column":34},"end":{"line":48,"column":35}},"loc":{"start":{"line":48,"column":47},"end":{"line":48,"column":57}},"line":48},"4":{"name":"(anonymous_4)","decl":{"start":{"line":49,"column":32},"end":{"line":49,"column":33}},"loc":{"start":{"line":50,"column":24},"end":{"line":50,"column":51}},"line":50},"5":{"name":"(anonymous_5)","decl":{"start":{"line":55,"column":27},"end":{"line":55,"column":28}},"loc":{"start":{"line":55,"column":33},"end":{"line":57,"column":5}},"line":55},"6":{"name":"(anonymous_6)","decl":{"start":{"line":68,"column":109},"end":{"line":68,"column":110}},"loc":{"start":{"line":68,"column":115},"end":{"line":68,"column":146}},"line":68},"7":{"name":"(anonymous_7)","decl":{"start":{"line":87,"column":24},"end":{"line":87,"column":25}},"loc":{"start":{"line":87,"column":45},"end":{"line":100,"column":1}},"line":87},"8":{"name":"(anonymous_8)","decl":{"start":{"line":88,"column":55},"end":{"line":88,"column":56}},"loc":{"start":{"line":88,"column":63},"end":{"line":92,"column":5}},"line":88}},"branchMap":{"0":{"loc":{"start":{"line":27,"column":8},"end":{"line":52,"column":9}},"type":"if","locations":[{"start":{"line":27,"column":8},"end":{"line":52,"column":9}},{"start":{"line":32,"column":15},"end":{"line":52,"column":9}}],"line":27},"1":{"loc":{"start":{"line":32,"column":15},"end":{"line":52,"column":9}},"type":"if","locations":[{"start":{"line":32,"column":15},"end":{"line":52,"column":9}},{"start":{"line":35,"column":15},"end":{"line":52,"column":9}}],"line":32},"2":{"loc":{"start":{"line":35,"column":15},"end":{"line":52,"column":9}},"type":"if","locations":[{"start":{"line":35,"column":15},"end":{"line":52,"column":9}},{"start":{"line":39,"column":15},"end":{"line":52,"column":9}}],"line":35},"3":{"loc":{"start":{"line":35,"column":19},"end":{"line":35,"column":73}},"type":"binary-expr","locations":[{"start":{"line":35,"column":19},"end":{"line":35,"column":49}},{"start":{"line":35,"column":53},"end":{"line":35,"column":73}}],"line":35},"4":{"loc":{"start":{"line":39,"column":15},"end":{"line":52,"column":9}},"type":"if","locations":[{"start":{"line":39,"column":15},"end":{"line":52,"column":9}},{"start":{"line":43,"column":15},"end":{"line":52,"column":9}}],"line":39}},"s":{"0":7,"1":34,"2":34,"3":34,"4":18,"5":18,"6":34,"7":34,"8":26,"9":8,"10":1,"11":7,"12":1,"13":6,"14":1,"15":5,"16":10,"17":5,"18":34,"19":2,"20":34,"21":6,"22":7,"23":7,"24":7,"25":28,"26":5,"27":5,"28":26},"f":{"0":34,"1":18,"2":34,"3":10,"4":5,"5":2,"6":6,"7":28,"8":5},"b":{"0":[26,8],"1":[1,7],"2":[1,6],"3":[7,2],"4":[1,5]},"_coverageSchema":"1a1c01bbd47fc00a2c39e90264f33305004495a9","hash":"d9da359eaa987707958f6d73f59a21c6302031fc"}
,"/Users/marijoyapa/Documents/GitHub/react-contact-list/contact/src/screens/CreateContactScreen.js": {"path":"/Users/marijoyapa/Documents/GitHub/react-contact-list/contact/src/screens/CreateContactScreen.js","statementMap":{"0":{"start":{"line":9,"column":15},"end":{"line":9,"column":46}},"1":{"start":{"line":12,"column":28},"end":{"line":80,"column":1}},"2":{"start":{"line":13,"column":50},"end":{"line":13,"column":65}},"3":{"start":{"line":14,"column":23},"end":{"line":14,"column":33}},"4":{"start":{"line":16,"column":23},"end":{"line":39,"column":5}},"5":{"start":{"line":24,"column":12},"end":{"line":24,"column":17}},"6":{"start":{"line":25,"column":23},"end":{"line":32,"column":10}},"7":{"start":{"line":33,"column":8},"end":{"line":33,"column":27}},"8":{"start":{"line":34,"column":8},"end":{"line":37,"column":9}},"9":{"start":{"line":35,"column":12},"end":{"line":35,"column":37}},"10":{"start":{"line":36,"column":12},"end":{"line":36,"column":19}},"11":{"start":{"line":38,"column":8},"end":{"line":38,"column":24}},"12":{"start":{"line":41,"column":25},"end":{"line":45,"column":5}},"13":{"start":{"line":42,"column":8},"end":{"line":42,"column":33}},"14":{"start":{"line":43,"column":8},"end":{"line":43,"column":25}},"15":{"start":{"line":47,"column":30},"end":{"line":50,"column":5}},"16":{"start":{"line":48,"column":8},"end":{"line":48,"column":42}},"17":{"start":{"line":49,"column":8},"end":{"line":49,"column":34}},"18":{"start":{"line":52,"column":4},"end":{"line":79,"column":5}},"19":{"start":{"line":72,"column":37},"end":{"line":72,"column":123}},"20":{"start":{"line":82,"column":15},"end":{"line":112,"column":2}},"21":{"start":{"line":114,"column":24},"end":{"line":136,"column":1}},"22":{"start":{"line":123,"column":8},"end":{"line":123,"column":25}},"23":{"start":{"line":124,"column":4},"end":{"line":135,"column":5}}},"fnMap":{"0":{"name":"(anonymous_0)","decl":{"start":{"line":12,"column":28},"end":{"line":12,"column":29}},"loc":{"start":{"line":12,"column":39},"end":{"line":80,"column":1}},"line":12},"1":{"name":"(anonymous_1)","decl":{"start":{"line":16,"column":23},"end":{"line":16,"column":24}},"loc":{"start":{"line":16,"column":35},"end":{"line":39,"column":5}},"line":16},"2":{"name":"(anonymous_2)","decl":{"start":{"line":41,"column":25},"end":{"line":41,"column":26}},"loc":{"start":{"line":41,"column":31},"end":{"line":45,"column":5}},"line":41},"3":{"name":"(anonymous_3)","decl":{"start":{"line":47,"column":30},"end":{"line":47,"column":31}},"loc":{"start":{"line":47,"column":36},"end":{"line":50,"column":5}},"line":47},"4":{"name":"(anonymous_4)","decl":{"start":{"line":72,"column":31},"end":{"line":72,"column":32}},"loc":{"start":{"line":72,"column":37},"end":{"line":72,"column":123}},"line":72},"5":{"name":"(anonymous_5)","decl":{"start":{"line":114,"column":24},"end":{"line":114,"column":25}},"loc":{"start":{"line":114,"column":45},"end":{"line":136,"column":1}},"line":114}},"branchMap":{"0":{"loc":{"start":{"line":34,"column":8},"end":{"line":37,"column":9}},"type":"if","locations":[{"start":{"line":34,"column":8},"end":{"line":37,"column":9}},{"start":{},"end":{}}],"line":34},"1":{"loc":{"start":{"line":62,"column":46},"end":{"line":62,"column":80}},"type":"cond-expr","locations":[{"start":{"line":62,"column":62},"end":{"line":62,"column":71}},{"start":{"line":62,"column":74},"end":{"line":62,"column":80}}],"line":62}},"s":{"0":7,"1":7,"2":27,"3":27,"4":27,"5":3,"6":3,"7":3,"8":3,"9":3,"10":3,"11":0,"12":27,"13":2,"14":2,"15":27,"16":2,"17":2,"18":27,"19":4,"20":7,"21":7,"22":33,"23":33},"f":{"0":27,"1":3,"2":2,"3":2,"4":4,"5":33},"b":{"0":[3,0],"1":[11,16]},"_coverageSchema":"1a1c01bbd47fc00a2c39e90264f33305004495a9","hash":"6aab2568cde199052c6132f3a048ae16fe897d65"}
,"/Users/marijoyapa/Documents/GitHub/react-contact-list/contact/src/screens/EditContactScreen.js": {"path":"/Users/marijoyapa/Documents/GitHub/react-contact-list/contact/src/screens/EditContactScreen.js","statementMap":{"0":{"start":{"line":10,"column":26},"end":{"line":70,"column":1}},"1":{"start":{"line":11,"column":19},"end":{"line":11,"column":36}},"2":{"start":{"line":12,"column":17},"end":{"line":12,"column":69}},"3":{"start":{"line":12,"column":51},"end":{"line":12,"column":68}},"4":{"start":{"line":14,"column":23},"end":{"line":14,"column":38}},"5":{"start":{"line":16,"column":4},"end":{"line":23,"column":15}},"6":{"start":{"line":17,"column":8},"end":{"line":21,"column":10}},"7":{"start":{"line":25,"column":4},"end":{"line":31,"column":27}},"8":{"start":{"line":26,"column":8},"end":{"line":26,"column":39}},"9":{"start":{"line":28,"column":8},"end":{"line":30,"column":9}},"10":{"start":{"line":29,"column":12},"end":{"line":29,"column":37}},"11":{"start":{"line":33,"column":24},"end":{"line":40,"column":5}},"12":{"start":{"line":34,"column":8},"end":{"line":39,"column":27}},"13":{"start":{"line":36,"column":16},"end":{"line":36,"column":29}},"14":{"start":{"line":42,"column":23},"end":{"line":63,"column":5}},"15":{"start":{"line":50,"column":12},"end":{"line":50,"column":17}},"16":{"start":{"line":51,"column":23},"end":{"line":59,"column":10}},"17":{"start":{"line":60,"column":8},"end":{"line":62,"column":9}},"18":{"start":{"line":61,"column":12},"end":{"line":61,"column":29}},"19":{"start":{"line":65,"column":4},"end":{"line":69,"column":5}},"20":{"start":{"line":72,"column":24},"end":{"line":86,"column":1}},"21":{"start":{"line":73,"column":97},"end":{"line":73,"column":114}},"22":{"start":{"line":74,"column":4},"end":{"line":85,"column":5}}},"fnMap":{"0":{"name":"(anonymous_0)","decl":{"start":{"line":10,"column":26},"end":{"line":10,"column":27}},"loc":{"start":{"line":10,"column":37},"end":{"line":70,"column":1}},"line":10},"1":{"name":"(anonymous_1)","decl":{"start":{"line":12,"column":40},"end":{"line":12,"column":41}},"loc":{"start":{"line":12,"column":51},"end":{"line":12,"column":68}},"line":12},"2":{"name":"(anonymous_2)","decl":{"start":{"line":16,"column":14},"end":{"line":16,"column":15}},"loc":{"start":{"line":16,"column":20},"end":{"line":23,"column":5}},"line":16},"3":{"name":"(anonymous_3)","decl":{"start":{"line":25,"column":14},"end":{"line":25,"column":15}},"loc":{"start":{"line":25,"column":20},"end":{"line":31,"column":5}},"line":25},"4":{"name":"(anonymous_4)","decl":{"start":{"line":28,"column":15},"end":{"line":28,"column":16}},"loc":{"start":{"line":28,"column":21},"end":{"line":30,"column":9}},"line":28},"5":{"name":"(anonymous_5)","decl":{"start":{"line":33,"column":24},"end":{"line":33,"column":25}},"loc":{"start":{"line":34,"column":8},"end":{"line":39,"column":27}},"line":34},"6":{"name":"(anonymous_6)","decl":{"start":{"line":35,"column":21},"end":{"line":35,"column":22}},"loc":{"start":{"line":35,"column":27},"end":{"line":37,"column":13}},"line":35},"7":{"name":"(anonymous_7)","decl":{"start":{"line":42,"column":23},"end":{"line":42,"column":24}},"loc":{"start":{"line":42,"column":35},"end":{"line":63,"column":5}},"line":42},"8":{"name":"(anonymous_8)","decl":{"start":{"line":72,"column":24},"end":{"line":72,"column":25}},"loc":{"start":{"line":72,"column":45},"end":{"line":86,"column":1}},"line":72}},"branchMap":{"0":{"loc":{"start":{"line":38,"column":34},"end":{"line":38,"column":68}},"type":"cond-expr","locations":[{"start":{"line":38,"column":50},"end":{"line":38,"column":59}},{"start":{"line":38,"column":62},"end":{"line":38,"column":68}}],"line":38},"1":{"loc":{"start":{"line":60,"column":8},"end":{"line":62,"column":9}},"type":"if","locations":[{"start":{"line":60,"column":8},"end":{"line":62,"column":9}},{"start":{},"end":{}}],"line":60}},"s":{"0":3,"1":14,"2":14,"3":2,"4":14,"5":14,"6":14,"7":14,"8":12,"9":12,"10":12,"11":14,"12":14,"13":2,"14":14,"15":2,"16":2,"17":2,"18":1,"19":14,"20":3,"21":22,"22":22},"f":{"0":14,"1":2,"2":14,"3":12,"4":12,"5":14,"6":2,"7":2,"8":22},"b":{"0":[2,12],"1":[1,1]},"_coverageSchema":"1a1c01bbd47fc00a2c39e90264f33305004495a9","hash":"9048078055d02ff4da03284e2334b3fc3ea8b1f4"}
,"/Users/marijoyapa/Documents/GitHub/react-contact-list/contact/src/screens/EmergencyListScreen.js": {"path":"/Users/marijoyapa/Documents/GitHub/react-contact-list/contact/src/screens/EmergencyListScreen.js","statementMap":{"0":{"start":{"line":13,"column":28},"end":{"line":55,"column":1}},"1":{"start":{"line":14,"column":23},"end":{"line":14,"column":33}},"2":{"start":{"line":15,"column":4},"end":{"line":17,"column":10}},"3":{"start":{"line":16,"column":8},"end":{"line":16,"column":29}},"4":{"start":{"line":19,"column":24},"end":{"line":46,"column":5}},"5":{"start":{"line":20,"column":8},"end":{"line":45,"column":9}},"6":{"start":{"line":21,"column":12},"end":{"line":24,"column":24}},"7":{"start":{"line":25,"column":15},"end":{"line":45,"column":9}},"8":{"start":{"line":26,"column":12},"end":{"line":27,"column":53}},"9":{"start":{"line":28,"column":15},"end":{"line":45,"column":9}},"10":{"start":{"line":29,"column":12},"end":{"line":31,"column":13}},"11":{"start":{"line":32,"column":15},"end":{"line":45,"column":9}},"12":{"start":{"line":33,"column":12},"end":{"line":34,"column":71}},"13":{"start":{"line":37,"column":12},"end":{"line":44,"column":13}},"14":{"start":{"line":41,"column":47},"end":{"line":41,"column":57}},"15":{"start":{"line":43,"column":24},"end":{"line":43,"column":51}},"16":{"start":{"line":48,"column":4},"end":{"line":54,"column":5}},"17":{"start":{"line":57,"column":15},"end":{"line":61,"column":2}},"18":{"start":{"line":64,"column":24},"end":{"line":77,"column":1}},"19":{"start":{"line":65,"column":25},"end":{"line":68,"column":6}},"20":{"start":{"line":66,"column":25},"end":{"line":66,"column":89}},"21":{"start":{"line":67,"column":8},"end":{"line":67,"column":92}},"22":{"start":{"line":70,"column":4},"end":{"line":76,"column":5}}},"fnMap":{"0":{"name":"(anonymous_0)","decl":{"start":{"line":13,"column":28},"end":{"line":13,"column":29}},"loc":{"start":{"line":13,"column":39},"end":{"line":55,"column":1}},"line":13},"1":{"name":"(anonymous_1)","decl":{"start":{"line":15,"column":14},"end":{"line":15,"column":15}},"loc":{"start":{"line":15,"column":20},"end":{"line":17,"column":5}},"line":15},"2":{"name":"(anonymous_2)","decl":{"start":{"line":19,"column":24},"end":{"line":19,"column":25}},"loc":{"start":{"line":19,"column":30},"end":{"line":46,"column":5}},"line":19},"3":{"name":"(anonymous_3)","decl":{"start":{"line":41,"column":34},"end":{"line":41,"column":35}},"loc":{"start":{"line":41,"column":47},"end":{"line":41,"column":57}},"line":41},"4":{"name":"(anonymous_4)","decl":{"start":{"line":42,"column":32},"end":{"line":42,"column":33}},"loc":{"start":{"line":43,"column":24},"end":{"line":43,"column":51}},"line":43},"5":{"name":"(anonymous_5)","decl":{"start":{"line":64,"column":24},"end":{"line":64,"column":25}},"loc":{"start":{"line":64,"column":45},"end":{"line":77,"column":1}},"line":64},"6":{"name":"(anonymous_6)","decl":{"start":{"line":65,"column":55},"end":{"line":65,"column":56}},"loc":{"start":{"line":65,"column":63},"end":{"line":68,"column":5}},"line":65}},"branchMap":{"0":{"loc":{"start":{"line":20,"column":8},"end":{"line":45,"column":9}},"type":"if","locations":[{"start":{"line":20,"column":8},"end":{"line":45,"column":9}},{"start":{"line":25,"column":15},"end":{"line":45,"column":9}}],"line":20},"1":{"loc":{"start":{"line":25,"column":15},"end":{"line":45,"column":9}},"type":"if","locations":[{"start":{"line":25,"column":15},"end":{"line":45,"column":9}},{"start":{"line":28,"column":15},"end":{"line":45,"column":9}}],"line":25},"2":{"loc":{"start":{"line":28,"column":15},"end":{"line":45,"column":9}},"type":"if","locations":[{"start":{"line":28,"column":15},"end":{"line":45,"column":9}},{"start":{"line":32,"column":15},"end":{"line":45,"column":9}}],"line":28},"3":{"loc":{"start":{"line":28,"column":19},"end":{"line":28,"column":73}},"type":"binary-expr","locations":[{"start":{"line":28,"column":19},"end":{"line":28,"column":49}},{"start":{"line":28,"column":53},"end":{"line":28,"column":73}}],"line":28},"4":{"loc":{"start":{"line":32,"column":15},"end":{"line":45,"column":9}},"type":"if","locations":[{"start":{"line":32,"column":15},"end":{"line":45,"column":9}},{"start":{"line":36,"column":15},"end":{"line":45,"column":9}}],"line":32},"5":{"loc":{"start":{"line":67,"column":15},"end":{"line":67,"column":92}},"type":"binary-expr","locations":[{"start":{"line":67,"column":15},"end":{"line":67,"column":67}},{"start":{"line":67,"column":71},"end":{"line":67,"column":92}}],"line":67}},"s":{"0":3,"1":12,"2":12,"3":10,"4":12,"5":12,"6":4,"7":8,"8":1,"9":7,"10":1,"11":6,"12":1,"13":5,"14":10,"15":5,"16":12,"17":3,"18":3,"19":12,"20":5,"21":5,"22":12},"f":{"0":12,"1":10,"2":12,"3":10,"4":5,"5":12,"6":5},"b":{"0":[4,8],"1":[1,7],"2":[1,6],"3":[7,2],"4":[1,5],"5":[5,5]},"_coverageSchema":"1a1c01bbd47fc00a2c39e90264f33305004495a9","hash":"9ade2e910e4745b66393921771c16a6ec08b18a2"}
,"/Users/marijoyapa/Documents/GitHub/react-contact-list/contact/src/theme/theme.js": {"path":"/Users/marijoyapa/Documents/GitHub/react-contact-list/contact/src/theme/theme.js","statementMap":{"0":{"start":{"line":4,"column":26},"end":{"line":20,"column":1}},"1":{"start":{"line":22,"column":25},"end":{"line":38,"column":1}}},"fnMap":{},"branchMap":{},"s":{"0":7,"1":7},"f":{},"b":{},"_coverageSchema":"1a1c01bbd47fc00a2c39e90264f33305004495a9","hash":"2654291d24861a676a316e3ff5c5cc2021ca6def"}
}
