TN:
SF:App.js
FN:14,(anonymous_0)
FN:18,(anonymous_1)
FN:19,(anonymous_2)
FN:22,(anonymous_3)
FNF:4
FNH:3
FNDA:2,(anonymous_0)
FNDA:2,(anonymous_1)
FNDA:0,(anonymous_2)
FNDA:2,(anonymous_3)
DA:14,2
DA:15,2
DA:16,2
DA:18,2
DA:19,2
DA:20,0
DA:22,2
DA:23,2
DA:27,2
LF:9
LH:8
BRDA:16,0,0,0
BRDA:16,0,1,2
BRF:2
BRH:1
end_of_record
TN:
SF:src/initializeFirebaseApp.js
FN:3,(anonymous_0)
FNF:1
FNH:1
FNDA:18,(anonymous_0)
DA:3,7
DA:4,18
LF:2
LH:2
BRF:0
BRH:0
end_of_record
TN:
SF:src/actions/ContactFormAction.js
FN:6,(anonymous_0)
FN:7,(anonymous_1)
FN:17,(anonymous_2)
FN:18,(anonymous_3)
FN:19,(anonymous_4)
FN:26,(anonymous_5)
FN:33,(anonymous_6)
FN:44,(anonymous_7)
FN:45,(anonymous_8)
FN:46,(anonymous_9)
FN:52,(anonymous_10)
FN:57,(anonymous_11)
FN:69,(anonymous_12)
FN:70,(anonymous_13)
FN:75,(anonymous_14)
FN:82,(anonymous_15)
FN:83,(anonymous_16)
FN:87,(anonymous_17)
FN:94,(anonymous_18)
FN:101,(anonymous_19)
FN:102,(anonymous_20)
FN:108,(anonymous_21)
FN:119,(anonymous_22)
FN:120,(anonymous_23)
FN:129,(anonymous_24)
FN:136,(anonymous_25)
FN:145,(anonymous_26)
FN:146,(anonymous_27)
FN:155,(anonymous_28)
FN:159,(anonymous_29)
FNF:30
FNH:30
FNDA:14,(anonymous_0)
FNDA:14,(anonymous_1)
FNDA:3,(anonymous_2)
FNDA:3,(anonymous_3)
FNDA:3,(anonymous_4)
FNDA:2,(anonymous_5)
FNDA:1,(anonymous_6)
FNDA:4,(anonymous_7)
FNDA:4,(anonymous_8)
FNDA:4,(anonymous_9)
FNDA:2,(anonymous_10)
FNDA:2,(anonymous_11)
FNDA:3,(anonymous_12)
FNDA:3,(anonymous_13)
FNDA:1,(anonymous_14)
FNDA:3,(anonymous_15)
FNDA:3,(anonymous_16)
FNDA:2,(anonymous_17)
FNDA:1,(anonymous_18)
FNDA:14,(anonymous_19)
FNDA:14,(anonymous_20)
FNDA:14,(anonymous_21)
FNDA:12,(anonymous_22)
FNDA:12,(anonymous_23)
FNDA:1,(anonymous_24)
FNDA:1,(anonymous_25)
FNDA:7,(anonymous_26)
FNDA:7,(anonymous_27)
FNDA:5,(anonymous_28)
FNDA:1,(anonymous_29)
DA:6,9
DA:7,14
DA:8,14
DA:12,14
DA:17,9
DA:18,3
DA:19,3
DA:21,3
DA:22,3
DA:25,3
DA:30,2
DA:31,2
DA:34,1
DA:37,1
DA:38,1
DA:44,9
DA:45,4
DA:46,4
DA:47,4
DA:48,4
DA:51,4
DA:54,2
DA:55,2
DA:58,2
DA:61,2
DA:62,2
DA:69,9
DA:70,3
DA:71,3
DA:74,3
DA:76,1
DA:77,1
DA:82,9
DA:83,3
DA:84,3
DA:85,3
DA:86,3
DA:88,2
DA:89,2
DA:94,9
DA:95,1
DA:101,9
DA:102,14
DA:104,14
DA:107,14
DA:108,14
DA:111,14
DA:114,14
DA:119,9
DA:120,12
DA:121,12
DA:129,9
DA:130,1
DA:136,9
DA:137,1
DA:138,1
DA:145,9
DA:146,7
DA:147,7
DA:148,7
DA:151,7
DA:155,9
DA:156,5
DA:157,5
DA:159,5
DA:160,1
LF:66
LH:66
BRDA:107,0,0,14
BRDA:107,0,1,6
BRDA:108,1,0,14
BRDA:108,1,1,5
BRDA:111,2,0,14
BRDA:111,2,1,8
BRDA:147,3,0,7
BRDA:147,3,1,7
BRF:8
BRH:8
end_of_record
TN:
SF:src/actions/ContactListAction.js
FN:5,(anonymous_0)
FN:6,(anonymous_1)
FN:22,(anonymous_2)
FN:44,(anonymous_3)
FN:46,(anonymous_4)
FNF:5
FNH:5
FNDA:30,(anonymous_0)
FNDA:30,(anonymous_1)
FNDA:3,(anonymous_2)
FNDA:1,(anonymous_3)
FNDA:2,(anonymous_4)
DA:5,9
DA:6,30
DA:7,30
DA:9,30
DA:12,30
DA:13,0
DA:18,30
DA:22,30
DA:23,3
DA:24,3
DA:25,3
DA:26,2
DA:27,1
DA:29,2
DA:34,1
DA:35,1
DA:44,9
DA:45,1
DA:46,2
DA:47,1
LF:20
LH:19
BRDA:12,0,0,0
BRDA:12,0,1,30
BRDA:26,1,0,1
BRDA:26,1,1,1
BRF:4
BRH:3
end_of_record
TN:
SF:src/actions/SearchBarAction.js
FN:3,(anonymous_0)
FN:10,(anonymous_1)
FNF:2
FNH:2
FNDA:1,(anonymous_0)
FNDA:1,(anonymous_1)
DA:3,9
DA:4,1
DA:10,9
DA:11,1
LF:4
LH:4
BRF:0
BRH:0
end_of_record
TN:
SF:src/actions/index.js
FNF:0
FNH:0
LF:0
LH:0
BRF:0
BRH:0
end_of_record
TN:
SF:src/actions/types.js
FNF:0
FNH:0
DA:2,9
DA:3,9
DA:4,9
DA:5,9
DA:6,9
DA:7,9
DA:8,9
DA:11,9
DA:12,9
DA:13,9
DA:16,9
DA:17,9
LF:12
LH:12
BRF:0
BRH:0
end_of_record
TN:
SF:src/components/common/RadioButton.js
FN:6,(anonymous_0)
FN:9,(anonymous_1)
FN:16,(anonymous_2)
FNF:3
FNH:3
FNDA:4,(anonymous_0)
FNDA:3,(anonymous_1)
FNDA:18,(anonymous_2)
DA:6,7
DA:7,4
DA:9,4
DA:10,3
DA:11,3
DA:14,4
DA:17,18
DA:28,7
LF:8
LH:8
BRF:0
BRH:0
end_of_record
TN:
SF:src/components/common/RadioElement.js
FN:7,(anonymous_0)
FN:10,(anonymous_1)
FN:15,(anonymous_2)
FN:28,(anonymous_3)
FNF:4
FNH:4
FNDA:18,(anonymous_0)
FNDA:3,(anonymous_1)
FNDA:18,(anonymous_2)
FNDA:3,(anonymous_3)
DA:7,7
DA:10,18
DA:11,3
DA:15,18
DA:16,18
DA:25,18
DA:28,3
DA:36,7
LF:8
LH:8
BRDA:18,0,0,4
BRDA:18,0,1,14
BRF:2
BRH:2
end_of_record
TN:
SF:src/components/common/SnackbarError.js
FN:9,(anonymous_0)
FN:14,(anonymous_1)
FN:21,(anonymous_2)
FN:35,(anonymous_3)
FN:43,(anonymous_4)
FNF:5
FNH:4
FNDA:44,(anonymous_0)
FNDA:43,(anonymous_1)
FNDA:0,(anonymous_2)
FNDA:1,(anonymous_3)
FNDA:62,(anonymous_4)
DA:9,7
DA:10,44
DA:11,44
DA:14,44
DA:15,43
DA:16,1
DA:21,44
DA:22,0
DA:23,0
DA:26,44
DA:35,1
DA:43,7
DA:44,62
LF:13
LH:11
BRDA:15,0,0,1
BRDA:15,0,1,42
BRF:2
BRH:2
end_of_record
TN:
SF:src/components/common/Spacer.js
FN:5,(anonymous_0)
FNF:1
FNH:1
FNDA:51,(anonymous_0)
DA:5,7
DA:6,51
LF:2
LH:2
BRF:0
BRH:0
end_of_record
TN:
SF:src/components/common/Textbox.js
FN:5,(anonymous_0)
FNF:1
FNH:1
FNDA:108,(anonymous_0)
DA:5,7
DA:6,108
DA:7,108
DA:20,7
LF:4
LH:4
BRF:0
BRH:0
end_of_record
TN:
SF:src/components/contactDetailsPage/ContactIcons.js
FN:9,(anonymous_0)
FN:13,(anonymous_1)
FN:15,(anonymous_2)
FN:25,(anonymous_3)
FN:29,(anonymous_4)
FN:81,(anonymous_5)
FNF:6
FNH:5
FNDA:11,(anonymous_0)
FNDA:16,(anonymous_1)
FNDA:4,(anonymous_2)
FNDA:1,(anonymous_3)
FNDA:3,(anonymous_4)
FNDA:0,(anonymous_5)
DA:9,3
DA:10,11
DA:11,11
DA:13,16
DA:15,11
DA:17,4
DA:18,2
DA:21,2
DA:25,11
DA:26,1
DA:27,1
DA:29,11
DA:30,3
DA:31,3
DA:32,3
DA:37,1
DA:43,11
DA:81,0
DA:89,3
LF:19
LH:18
BRDA:17,0,0,2
BRDA:17,0,1,2
BRF:2
BRH:2
end_of_record
TN:
SF:src/components/contactDetailsPage/NotesDetails.js
FN:4,(anonymous_0)
FNF:1
FNH:1
FNDA:7,(anonymous_0)
DA:4,3
DA:6,7
DA:8,7
DA:16,3
LF:4
LH:4
BRF:0
BRH:0
end_of_record
TN:
SF:src/components/contactDetailsPage/PhoneNumbers.js
FN:5,(anonymous_0)
FNF:1
FNH:1
FNDA:9,(anonymous_0)
DA:5,3
DA:6,9
DA:7,9
DA:15,3
LF:4
LH:4
BRDA:8,0,0,7
BRDA:8,0,1,2
BRF:2
BRH:2
end_of_record
TN:
SF:src/components/contactListPage/AddButton.js
FN:6,(anonymous_0)
FNF:1
FNH:1
FNDA:33,(anonymous_0)
DA:6,7
DA:7,33
DA:8,33
DA:18,7
LF:4
LH:4
BRF:0
BRH:0
end_of_record
TN:
SF:src/components/contactListPage/ContactItem.js
FN:9,(anonymous_0)
FN:12,(anonymous_1)
FN:16,(anonymous_2)
FN:20,(anonymous_3)
FN:24,(anonymous_4)
FN:28,(anonymous_5)
FN:103,(anonymous_6)
FNF:7
FNH:7
FNDA:10,(anonymous_0)
FNDA:10,(anonymous_1)
FNDA:2,(anonymous_2)
FNDA:2,(anonymous_3)
FNDA:2,(anonymous_4)
FNDA:10,(anonymous_5)
FNDA:10,(anonymous_6)
DA:9,7
DA:10,10
DA:12,10
DA:13,10
DA:14,10
DA:16,10
DA:17,2
DA:20,10
DA:21,2
DA:24,10
DA:25,2
DA:28,10
DA:29,10
DA:30,10
DA:42,10
DA:61,7
DA:103,7
DA:104,10
LF:18
LH:18
BRDA:32,0,0,6
BRDA:32,0,1,4
BRF:2
BRH:2
end_of_record
TN:
SF:src/components/contactListPage/ErrorMessage.js
FN:4,(anonymous_0)
FNF:1
FNH:1
FNDA:2,(anonymous_0)
DA:4,9
DA:5,2
DA:13,9
LF:3
LH:3
BRF:0
BRH:0
end_of_record
TN:
SF:src/components/contactListPage/NoContactsMessage.js
FN:5,(anonymous_0)
FNF:1
FNH:1
FNDA:2,(anonymous_0)
DA:5,7
DA:6,2
DA:15,7
LF:3
LH:3
BRF:0
BRH:0
end_of_record
TN:
SF:src/components/contactListPage/NoSearchResult.js
FN:5,(anonymous_0)
FNF:1
FNH:1
FNDA:2,(anonymous_0)
DA:5,7
DA:6,2
DA:15,7
LF:3
LH:3
BRF:0
BRH:0
end_of_record
TN:
SF:src/components/contactListPage/SearchBar.js
FN:8,(anonymous_0)
FN:11,(anonymous_1)
FN:15,(anonymous_2)
FN:71,(anonymous_3)
FNF:4
FNH:4
FNDA:34,(anonymous_0)
FNDA:1,(anonymous_1)
FNDA:1,(anonymous_2)
FNDA:46,(anonymous_3)
DA:8,7
DA:9,34
DA:11,34
DA:12,1
DA:15,34
DA:16,1
DA:19,34
DA:41,7
DA:71,7
DA:72,46
LF:10
LH:10
BRDA:33,0,0,6
BRDA:33,0,1,28
BRF:2
BRH:2
end_of_record
TN:
SF:src/components/createContactPage/AddEmergencyButton.js
FN:5,(anonymous_0)
FNF:1
FNH:1
FNDA:40,(anonymous_0)
DA:5,7
DA:6,40
DA:7,40
DA:8,40
DA:18,7
LF:5
LH:5
BRDA:7,0,0,5
BRDA:7,0,1,35
BRDA:11,1,0,5
BRDA:11,1,1,35
BRF:4
BRH:4
end_of_record
TN:
SF:src/components/createContactPage/AddImage.js
FN:5,(anonymous_0)
FN:7,(anonymous_1)
FNF:2
FNH:2
FNDA:33,(anonymous_0)
FNDA:6,(anonymous_1)
DA:5,7
DA:6,33
DA:7,33
DA:8,6
DA:9,6
DA:10,6
DA:15,4
DA:16,2
DA:19,2
DA:20,2
DA:25,33
DA:37,7
LF:12
LH:12
BRDA:15,0,0,2
BRDA:15,0,1,2
BRDA:30,1,0,3
BRDA:30,1,1,30
BRF:4
BRH:4
end_of_record
TN:
SF:src/components/createContactPage/ContactForm.js
FN:14,(anonymous_0)
FN:17,(anonymous_1)
FN:34,(anonymous_2)
FN:40,(anonymous_3)
FN:46,(anonymous_4)
FN:51,(anonymous_5)
FN:56,(anonymous_6)
FN:61,(anonymous_7)
FN:65,(anonymous_8)
FN:69,(anonymous_9)
FN:129,(anonymous_10)
FNF:11
FNH:11
FNDA:33,(anonymous_0)
FNDA:33,(anonymous_1)
FNDA:2,(anonymous_2)
FNDA:3,(anonymous_3)
FNDA:1,(anonymous_4)
FNDA:1,(anonymous_5)
FNDA:1,(anonymous_6)
FNDA:1,(anonymous_7)
FNDA:1,(anonymous_8)
FNDA:2,(anonymous_9)
FNDA:38,(anonymous_10)
DA:14,7
DA:17,33
DA:18,33
DA:19,33
DA:20,36
DA:31,33
DA:34,33
DA:35,2
DA:36,2
DA:37,2
DA:40,33
DA:41,3
DA:42,3
DA:43,3
DA:46,33
DA:47,1
DA:48,1
DA:51,33
DA:52,1
DA:53,1
DA:56,33
DA:57,1
DA:58,1
DA:61,33
DA:62,1
DA:65,33
DA:66,1
DA:69,33
DA:70,2
DA:74,33
DA:101,7
DA:129,7
DA:130,38
DA:131,38
LF:34
LH:34
BRF:0
BRH:0
end_of_record
TN:
SF:src/components/createContactPage/NotesInput.js
FN:4,(anonymous_0)
FNF:1
FNH:1
FNDA:33,(anonymous_0)
DA:4,7
DA:5,33
DA:6,33
DA:14,7
LF:4
LH:4
BRF:0
BRH:0
end_of_record
TN:
SF:src/components/createContactPage/NumberInput.js
FN:8,(anonymous_0)
FN:12,(anonymous_1)
FN:18,(anonymous_2)
FN:23,(anonymous_3)
FN:44,(anonymous_4)
FNF:5
FNH:4
FNDA:42,(anonymous_0)
FNDA:2,(anonymous_1)
FNDA:2,(anonymous_2)
FNDA:3,(anonymous_3)
FNDA:0,(anonymous_4)
DA:8,7
DA:9,42
DA:10,42
DA:11,42
DA:12,42
DA:13,2
DA:16,42
DA:18,42
DA:19,2
DA:20,2
DA:23,42
DA:24,3
DA:25,3
DA:26,3
DA:28,42
DA:44,0
DA:55,7
LF:17
LH:16
BRDA:24,0,0,3
BRDA:24,0,1,2
BRDA:48,1,0,40
BRDA:48,1,1,2
BRF:4
BRH:4
end_of_record
TN:
SF:src/navigation/MainStackNavigator.js
FN:11,(anonymous_0)
FNF:1
FNH:1
FNDA:2,(anonymous_0)
DA:9,2
DA:11,2
DA:12,2
LF:3
LH:3
BRF:0
BRH:0
end_of_record
TN:
SF:src/navigation/TabNavigator.js
FN:9,(anonymous_0)
FNF:1
FNH:1
FNDA:2,(anonymous_0)
DA:7,2
DA:9,2
DA:11,2
DA:12,2
LF:4
LH:4
BRF:0
BRH:0
end_of_record
TN:
SF:src/navigation/navigationOptions.js
FN:6,(anonymous_0)
FN:31,(anonymous_1)
FN:40,(anonymous_2)
FN:47,(anonymous_3)
FNF:4
FNH:4
FNDA:2,(anonymous_0)
FNDA:4,(anonymous_1)
FNDA:4,(anonymous_2)
FNDA:49,(anonymous_3)
DA:4,7
DA:6,7
DA:30,7
DA:31,4
DA:39,7
DA:40,4
DA:47,7
DA:48,49
LF:8
LH:8
BRDA:19,0,0,2
BRDA:19,0,1,0
BRDA:23,1,0,2
BRDA:23,1,1,0
BRF:4
BRH:2
end_of_record
TN:
SF:src/reducers/ContactFormReducer.js
FN:23,(anonymous_0)
FNF:1
FNH:1
FNDA:305,(anonymous_0)
DA:11,9
DA:24,305
DA:26,14
DA:28,5
DA:30,10
DA:32,2
DA:34,14
DA:36,7
DA:38,253
LF:9
LH:9
BRDA:23,0,0,201
BRDA:24,1,0,14
BRDA:24,1,1,5
BRDA:24,1,2,10
BRDA:24,1,3,2
BRDA:24,1,4,14
BRDA:24,1,5,7
BRDA:24,1,6,253
BRF:8
BRH:8
end_of_record
TN:
SF:src/reducers/ContactListReducer.js
FN:13,(anonymous_0)
FNF:1
FNH:1
FNDA:235,(anonymous_0)
DA:7,9
DA:14,235
DA:16,4
DA:18,14
DA:20,1
DA:22,216
LF:6
LH:6
BRDA:13,0,0,144
BRDA:14,1,0,4
BRDA:14,1,1,14
BRDA:14,1,2,1
BRDA:14,1,3,216
BRF:5
BRH:5
end_of_record
TN:
SF:src/reducers/SearchItemReducer.js
FN:8,(anonymous_0)
FNF:1
FNH:1
FNDA:216,(anonymous_0)
DA:6,9
DA:9,216
DA:11,1
DA:13,1
DA:15,214
LF:5
LH:5
BRDA:8,0,0,131
BRDA:9,1,0,1
BRDA:9,1,1,1
BRDA:9,1,2,214
BRF:4
BRH:4
end_of_record
TN:
SF:src/reducers/index.js
FNF:0
FNH:0
LF:0
LH:0
BRF:0
BRH:0
end_of_record
TN:
SF:src/screens/ContactDetailsScreen.js
FN:14,(anonymous_0)
FN:18,(anonymous_1)
FN:21,(anonymous_2)
FN:31,(anonymous_3)
FN:33,(anonymous_4)
FN:40,(anonymous_5)
FN:55,(anonymous_6)
FN:68,(anonymous_7)
FN:134,(anonymous_8)
FNF:9
FNH:9
FNDA:7,(anonymous_0)
FNDA:7,(anonymous_1)
FNDA:7,(anonymous_2)
FNDA:7,(anonymous_3)
FNDA:1,(anonymous_4)
FNDA:7,(anonymous_5)
FNDA:7,(anonymous_6)
FNDA:1,(anonymous_7)
FNDA:7,(anonymous_8)
DA:14,3
DA:15,7
DA:17,7
DA:18,7
DA:19,7
DA:21,7
DA:23,7
DA:31,7
DA:32,7
DA:34,1
DA:40,7
DA:41,7
DA:43,7
DA:44,9
DA:45,9
DA:46,9
DA:51,7
DA:55,7
DA:56,7
DA:57,4
DA:61,3
DA:68,7
DA:69,1
DA:72,7
DA:87,3
DA:129,3
DA:134,3
DA:135,7
LF:28
LH:28
BRDA:56,0,0,4
BRDA:56,0,1,3
BRF:2
BRH:2
end_of_record
TN:
SF:src/screens/ContactListScreen.js
FN:17,(anonymous_0)
FN:21,(anonymous_1)
FN:26,(anonymous_2)
FN:48,(anonymous_3)
FN:49,(anonymous_4)
FN:55,(anonymous_5)
FN:68,(anonymous_6)
FN:87,(anonymous_7)
FN:88,(anonymous_8)
FNF:9
FNH:9
FNDA:34,(anonymous_0)
FNDA:18,(anonymous_1)
FNDA:34,(anonymous_2)
FNDA:10,(anonymous_3)
FNDA:5,(anonymous_4)
FNDA:2,(anonymous_5)
FNDA:6,(anonymous_6)
FNDA:28,(anonymous_7)
FNDA:5,(anonymous_8)
DA:17,7
DA:18,34
DA:19,34
DA:21,34
DA:22,18
DA:23,18
DA:26,34
DA:27,34
DA:28,26
DA:32,8
DA:33,1
DA:35,7
DA:36,1
DA:39,6
DA:40,1
DA:44,5
DA:48,10
DA:50,5
DA:55,34
DA:56,2
DA:59,34
DA:68,6
DA:75,7
DA:83,7
DA:87,7
DA:88,28
DA:89,5
DA:90,5
DA:94,26
LF:29
LH:29
BRDA:27,0,0,26
BRDA:27,0,1,8
BRDA:32,1,0,1
BRDA:32,1,1,7
BRDA:35,2,0,1
BRDA:35,2,1,6
BRDA:35,3,0,7
BRDA:35,3,1,2
BRDA:39,4,0,1
BRDA:39,4,1,5
BRF:10
BRH:10
end_of_record
TN:
SF:src/screens/CreateContactScreen.js
FN:12,(anonymous_0)
FN:16,(anonymous_1)
FN:41,(anonymous_2)
FN:47,(anonymous_3)
FN:72,(anonymous_4)
FN:114,(anonymous_5)
FNF:6
FNH:6
FNDA:27,(anonymous_0)
FNDA:3,(anonymous_1)
FNDA:2,(anonymous_2)
FNDA:2,(anonymous_3)
FNDA:4,(anonymous_4)
FNDA:33,(anonymous_5)
DA:9,7
DA:12,7
DA:13,27
DA:14,27
DA:16,27
DA:24,3
DA:25,3
DA:33,3
DA:34,3
DA:35,3
DA:36,3
DA:38,0
DA:41,27
DA:42,2
DA:43,2
DA:47,27
DA:48,2
DA:49,2
DA:52,27
DA:72,4
DA:82,7
DA:114,7
DA:123,33
DA:124,33
LF:24
LH:23
BRDA:34,0,0,3
BRDA:34,0,1,0
BRDA:62,1,0,11
BRDA:62,1,1,16
BRF:4
BRH:3
end_of_record
TN:
SF:src/screens/EditContactScreen.js
FN:10,(anonymous_0)
FN:12,(anonymous_1)
FN:16,(anonymous_2)
FN:25,(anonymous_3)
FN:28,(anonymous_4)
FN:33,(anonymous_5)
FN:35,(anonymous_6)
FN:42,(anonymous_7)
FN:72,(anonymous_8)
FNF:9
FNH:9
FNDA:14,(anonymous_0)
FNDA:2,(anonymous_1)
FNDA:14,(anonymous_2)
FNDA:12,(anonymous_3)
FNDA:12,(anonymous_4)
FNDA:14,(anonymous_5)
FNDA:2,(anonymous_6)
FNDA:2,(anonymous_7)
FNDA:22,(anonymous_8)
DA:10,3
DA:11,14
DA:12,14
DA:14,14
DA:16,14
DA:17,14
DA:25,14
DA:26,12
DA:28,12
DA:29,12
DA:33,14
DA:34,14
DA:36,2
DA:42,14
DA:50,2
DA:51,2
DA:60,2
DA:61,1
DA:65,14
DA:72,3
DA:73,22
DA:74,22
LF:22
LH:22
BRDA:38,0,0,2
BRDA:38,0,1,12
BRDA:60,1,0,1
BRDA:60,1,1,1
BRF:4
BRH:4
end_of_record
TN:
SF:src/screens/EmergencyListScreen.js
FN:13,(anonymous_0)
FN:15,(anonymous_1)
FN:19,(anonymous_2)
FN:41,(anonymous_3)
FN:42,(anonymous_4)
FN:64,(anonymous_5)
FN:65,(anonymous_6)
FNF:7
FNH:7
FNDA:12,(anonymous_0)
FNDA:10,(anonymous_1)
FNDA:12,(anonymous_2)
FNDA:10,(anonymous_3)
FNDA:5,(anonymous_4)
FNDA:12,(anonymous_5)
FNDA:5,(anonymous_6)
DA:13,3
DA:14,12
DA:15,12
DA:16,10
DA:19,12
DA:20,12
DA:21,4
DA:25,8
DA:26,1
DA:28,7
DA:29,1
DA:32,6
DA:33,1
DA:37,5
DA:41,10
DA:43,5
DA:48,12
DA:57,3
DA:64,3
DA:65,12
DA:66,5
DA:67,5
DA:70,12
LF:23
LH:23
BRDA:20,0,0,4
BRDA:20,0,1,8
BRDA:25,1,0,1
BRDA:25,1,1,7
BRDA:28,2,0,1
BRDA:28,2,1,6
BRDA:28,3,0,7
BRDA:28,3,1,2
BRDA:32,4,0,1
BRDA:32,4,1,5
BRDA:67,5,0,5
BRDA:67,5,1,5
BRF:12
BRH:12
end_of_record
TN:
SF:src/theme/theme.js
FNF:0
FNH:0
DA:4,7
DA:22,7
LF:2
LH:2
BRF:0
BRH:0
end_of_record
